{"/Users/gustavo/Desktop/zona-app/zona-gol/components/ui/button.tsx": {"path":"/Users/gustavo/Desktop/zona-app/zona-gol/components/ui/button.tsx","statementMap":{"0":{"start":{"line":7,"column":6},"end":{"line":36,"column":null}},"1":{"start":{"line":48,"column":15},"end":{"line":48,"column":null}},"2":{"start":{"line":50,"column":2},"end":{"line":55,"column":null}}},"fnMap":{"0":{"name":"Button","decl":{"start":{"line":38,"column":9},"end":{"line":38,"column":16}},"loc":{"start":{"line":47,"column":5},"end":{"line":57,"column":null}},"line":47}},"branchMap":{"0":{"loc":{"start":{"line":42,"column":2},"end":{"line":42,"column":null}},"type":"default-arg","locations":[{"start":{"line":42,"column":12},"end":{"line":42,"column":null}}],"line":42},"1":{"loc":{"start":{"line":48,"column":15},"end":{"line":48,"column":null}},"type":"cond-expr","locations":[{"start":{"line":48,"column":25},"end":{"line":48,"column":32}},{"start":{"line":48,"column":32},"end":{"line":48,"column":null}}],"line":48}},"s":{"0":1,"1":22,"2":22},"f":{"0":22},"b":{"0":[22],"1":[1,21]},"meta":{"lastBranch":2,"lastFunction":1,"lastStatement":3,"seen":{"s:7:6:36:Infinity":0,"f:38:9:38:16":0,"b:42:12:42:Infinity":0,"s:48:15:48:Infinity":1,"b:48:25:48:32:48:32:48:Infinity":1,"s:50:2:55:Infinity":2}}}
,"/Users/gustavo/Desktop/zona-app/zona-gol/hooks/use-mobile.ts": {"path":"/Users/gustavo/Desktop/zona-app/zona-gol/hooks/use-mobile.ts","statementMap":{"0":{"start":{"line":3,"column":26},"end":{"line":3,"column":null}},"1":{"start":{"line":6,"column":34},"end":{"line":6,"column":null}},"2":{"start":{"line":8,"column":2},"end":{"line":16,"column":null}},"3":{"start":{"line":9,"column":16},"end":{"line":9,"column":null}},"4":{"start":{"line":10,"column":21},"end":{"line":12,"column":null}},"5":{"start":{"line":11,"column":6},"end":{"line":11,"column":null}},"6":{"start":{"line":13,"column":4},"end":{"line":13,"column":null}},"7":{"start":{"line":14,"column":4},"end":{"line":14,"column":null}},"8":{"start":{"line":15,"column":4},"end":{"line":15,"column":null}},"9":{"start":{"line":15,"column":17},"end":{"line":15,"column":null}},"10":{"start":{"line":18,"column":2},"end":{"line":18,"column":null}}},"fnMap":{"0":{"name":"useIsMobile","decl":{"start":{"line":5,"column":16},"end":{"line":5,"column":30}},"loc":{"start":{"line":5,"column":30},"end":{"line":19,"column":null}},"line":5},"1":{"name":"(anonymous_1)","decl":{"start":{"line":8,"column":18},"end":{"line":8,"column":24}},"loc":{"start":{"line":8,"column":24},"end":{"line":16,"column":5}},"line":8},"2":{"name":"(anonymous_2)","decl":{"start":{"line":10,"column":21},"end":{"line":10,"column":27}},"loc":{"start":{"line":10,"column":27},"end":{"line":12,"column":null}},"line":10},"3":{"name":"(anonymous_3)","decl":{"start":{"line":15,"column":11},"end":{"line":15,"column":17}},"loc":{"start":{"line":15,"column":17},"end":{"line":15,"column":null}},"line":15}},"branchMap":{},"s":{"0":1,"1":14,"2":14,"3":6,"4":6,"5":1,"6":6,"7":6,"8":6,"9":6,"10":14},"f":{"0":14,"1":6,"2":1,"3":6},"b":{},"meta":{"lastBranch":0,"lastFunction":4,"lastStatement":11,"seen":{"s:3:26:3:Infinity":0,"f:5:16:5:30":0,"s:6:34:6:Infinity":1,"s:8:2:16:Infinity":2,"f:8:18:8:24":1,"s:9:16:9:Infinity":3,"s:10:21:12:Infinity":4,"f:10:21:10:27":2,"s:11:6:11:Infinity":5,"s:13:4:13:Infinity":6,"s:14:4:14:Infinity":7,"s:15:4:15:Infinity":8,"f:15:11:15:17":3,"s:15:17:15:Infinity":9,"s:18:2:18:Infinity":10}}}
,"/Users/gustavo/Desktop/zona-app/zona-gol/lib/utils.ts": {"path":"/Users/gustavo/Desktop/zona-app/zona-gol/lib/utils.ts","statementMap":{"0":{"start":{"line":5,"column":2},"end":{"line":5,"column":null}},"1":{"start":{"line":9,"column":18},"end":{"line":9,"column":null}},"2":{"start":{"line":10,"column":17},"end":{"line":10,"column":null}},"3":{"start":{"line":11,"column":2},"end":{"line":13,"column":null}},"4":{"start":{"line":11,"column":15},"end":{"line":11,"column":18}},"5":{"start":{"line":12,"column":4},"end":{"line":12,"column":null}},"6":{"start":{"line":14,"column":2},"end":{"line":14,"column":null}}},"fnMap":{"0":{"name":"cn","decl":{"start":{"line":4,"column":16},"end":{"line":4,"column":22}},"loc":{"start":{"line":4,"column":44},"end":{"line":6,"column":null}},"line":4},"1":{"name":"generatePassword","decl":{"start":{"line":8,"column":16},"end":{"line":8,"column":33}},"loc":{"start":{"line":8,"column":53},"end":{"line":15,"column":null}},"line":8}},"branchMap":{"0":{"loc":{"start":{"line":8,"column":33},"end":{"line":8,"column":53}},"type":"default-arg","locations":[{"start":{"line":8,"column":42},"end":{"line":8,"column":53}}],"line":8}},"s":{"0":30,"1":104,"2":104,"3":104,"4":104,"5":1336,"6":104},"f":{"0":30,"1":104},"b":{"0":[104]},"meta":{"lastBranch":1,"lastFunction":2,"lastStatement":7,"seen":{"f:4:16:4:22":0,"s:5:2:5:Infinity":0,"f:8:16:8:33":1,"b:8:42:8:53":0,"s:9:18:9:Infinity":1,"s:10:17:10:Infinity":2,"s:11:2:13:Infinity":3,"s:11:15:11:18":4,"s:12:4:12:Infinity":5,"s:14:2:14:Infinity":6}}}
,"/Users/gustavo/Desktop/zona-app/zona-gol/lib/utils/qr-text-normalizer.ts": {"path":"/Users/gustavo/Desktop/zona-app/zona-gol/lib/utils/qr-text-normalizer.ts","statementMap":{"0":{"start":{"line":11,"column":2},"end":{"line":11,"column":null}},"1":{"start":{"line":11,"column":13},"end":{"line":11,"column":null}},"2":{"start":{"line":14,"column":47},"end":{"line":23,"column":null}},"3":{"start":{"line":25,"column":19},"end":{"line":25,"column":null}},"4":{"start":{"line":28,"column":2},"end":{"line":30,"column":null}},"5":{"start":{"line":29,"column":4},"end":{"line":29,"column":null}},"6":{"start":{"line":32,"column":2},"end":{"line":32,"column":null}},"7":{"start":{"line":43,"column":21},"end":{"line":43,"column":null}},"8":{"start":{"line":45,"column":2},"end":{"line":49,"column":null}},"9":{"start":{"line":46,"column":4},"end":{"line":48,"column":null}},"10":{"start":{"line":47,"column":6},"end":{"line":47,"column":null}},"11":{"start":{"line":51,"column":2},"end":{"line":51,"column":null}},"12":{"start":{"line":58,"column":27},"end":{"line":58,"column":null}},"13":{"start":{"line":59,"column":2},"end":{"line":59,"column":null}},"14":{"start":{"line":66,"column":32},"end":{"line":66,"column":null}},"15":{"start":{"line":67,"column":18},"end":{"line":67,"column":null}},"16":{"start":{"line":68,"column":2},"end":{"line":68,"column":null}}},"fnMap":{"0":{"name":"normalizeForQR","decl":{"start":{"line":10,"column":16},"end":{"line":10,"column":31}},"loc":{"start":{"line":10,"column":53},"end":{"line":33,"column":null}},"line":10},"1":{"name":"normalizeQRData","decl":{"start":{"line":39,"column":16},"end":{"line":39,"column":null}},"loc":{"start":{"line":42,"column":5},"end":{"line":52,"column":null}},"line":42},"2":{"name":"hasProblematicChars","decl":{"start":{"line":57,"column":16},"end":{"line":57,"column":36}},"loc":{"start":{"line":57,"column":59},"end":{"line":60,"column":null}},"line":57},"3":{"name":"getProblematicChars","decl":{"start":{"line":65,"column":16},"end":{"line":65,"column":36}},"loc":{"start":{"line":65,"column":60},"end":{"line":69,"column":null}},"line":65}},"branchMap":{"0":{"loc":{"start":{"line":11,"column":2},"end":{"line":11,"column":null}},"type":"if","locations":[{"start":{"line":11,"column":2},"end":{"line":11,"column":null}},{"start":{},"end":{}}],"line":11},"1":{"loc":{"start":{"line":41,"column":2},"end":{"line":41,"column":null}},"type":"default-arg","locations":[{"start":{"line":41,"column":35},"end":{"line":41,"column":null}}],"line":41},"2":{"loc":{"start":{"line":46,"column":4},"end":{"line":48,"column":null}},"type":"if","locations":[{"start":{"line":46,"column":4},"end":{"line":48,"column":null}},{"start":{},"end":{}}],"line":46},"3":{"loc":{"start":{"line":68,"column":9},"end":{"line":68,"column":null}},"type":"cond-expr","locations":[{"start":{"line":68,"column":19},"end":{"line":68,"column":50}},{"start":{"line":68,"column":50},"end":{"line":68,"column":null}}],"line":68}},"s":{"0":31,"1":3,"2":28,"3":28,"4":28,"5":1316,"6":28,"7":4,"8":4,"9":9,"10":6,"11":4,"12":12,"13":12,"14":4,"15":4,"16":4},"f":{"0":31,"1":4,"2":12,"3":4},"b":{"0":[3,28],"1":[4],"2":[6,3],"3":[3,1]},"meta":{"lastBranch":4,"lastFunction":4,"lastStatement":17,"seen":{"f:10:16:10:31":0,"b:11:2:11:Infinity:undefined:undefined:undefined:undefined":0,"s:11:2:11:Infinity":0,"s:11:13:11:Infinity":1,"s:14:47:23:Infinity":2,"s:25:19:25:Infinity":3,"s:28:2:30:Infinity":4,"s:29:4:29:Infinity":5,"s:32:2:32:Infinity":6,"f:39:16:39:Infinity":1,"b:41:35:41:Infinity":1,"s:43:21:43:Infinity":7,"s:45:2:49:Infinity":8,"b:46:4:48:Infinity:undefined:undefined:undefined:undefined":2,"s:46:4:48:Infinity":9,"s:47:6:47:Infinity":10,"s:51:2:51:Infinity":11,"f:57:16:57:36":2,"s:58:27:58:Infinity":12,"s:59:2:59:Infinity":13,"f:65:16:65:36":3,"s:66:32:66:Infinity":14,"s:67:18:67:Infinity":15,"s:68:2:68:Infinity":16,"b:68:19:68:50:68:50:68:Infinity":3}}}
}
