{"/Users/gustavo/Desktop/zona-app/zona-gol/app/api/agent/core/actions.service.ts": {"path":"/Users/gustavo/Desktop/zona-app/zona-gol/app/api/agent/core/actions.service.ts","statementMap":{"0":{"start":{"line":82,"column":33},"end":{"line":87,"column":null}},"1":{"start":{"line":90,"column":23},"end":{"line":90,"column":null}},"2":{"start":{"line":91,"column":4},"end":{"line":93,"column":null}},"3":{"start":{"line":92,"column":6},"end":{"line":92,"column":null}},"4":{"start":{"line":95,"column":4},"end":{"line":95,"column":null}},"5":{"start":{"line":108,"column":29},"end":{"line":108,"column":null}},"6":{"start":{"line":111,"column":4},"end":{"line":113,"column":null}},"7":{"start":{"line":112,"column":6},"end":{"line":112,"column":null}},"8":{"start":{"line":116,"column":4},"end":{"line":153,"column":null}},"9":{"start":{"line":118,"column":32},"end":{"line":118,"column":null}},"10":{"start":{"line":119,"column":8},"end":{"line":121,"column":null}},"11":{"start":{"line":120,"column":10},"end":{"line":120,"column":null}},"12":{"start":{"line":122,"column":8},"end":{"line":124,"column":null}},"13":{"start":{"line":123,"column":10},"end":{"line":123,"column":null}},"14":{"start":{"line":125,"column":8},"end":{"line":125,"column":null}},"15":{"start":{"line":128,"column":30},"end":{"line":128,"column":null}},"16":{"start":{"line":129,"column":8},"end":{"line":131,"column":null}},"17":{"start":{"line":130,"column":10},"end":{"line":130,"column":null}},"18":{"start":{"line":132,"column":8},"end":{"line":134,"column":null}},"19":{"start":{"line":133,"column":10},"end":{"line":133,"column":null}},"20":{"start":{"line":135,"column":8},"end":{"line":135,"column":null}},"21":{"start":{"line":138,"column":29},"end":{"line":138,"column":null}},"22":{"start":{"line":139,"column":8},"end":{"line":141,"column":null}},"23":{"start":{"line":140,"column":10},"end":{"line":140,"column":null}},"24":{"start":{"line":142,"column":8},"end":{"line":144,"column":null}},"25":{"start":{"line":143,"column":10},"end":{"line":143,"column":null}},"26":{"start":{"line":145,"column":8},"end":{"line":145,"column":null}},"27":{"start":{"line":148,"column":27},"end":{"line":148,"column":null}},"28":{"start":{"line":149,"column":8},"end":{"line":151,"column":null}},"29":{"start":{"line":150,"column":10},"end":{"line":150,"column":null}},"30":{"start":{"line":152,"column":8},"end":{"line":152,"column":null}},"31":{"start":{"line":155,"column":4},"end":{"line":158,"column":null}},"32":{"start":{"line":172,"column":21},"end":{"line":172,"column":null}},"33":{"start":{"line":174,"column":28},"end":{"line":183,"column":null}},"34":{"start":{"line":185,"column":4},"end":{"line":187,"column":null}},"35":{"start":{"line":186,"column":6},"end":{"line":186,"column":null}},"36":{"start":{"line":189,"column":4},"end":{"line":191,"column":null}},"37":{"start":{"line":190,"column":6},"end":{"line":190,"column":null}},"38":{"start":{"line":193,"column":4},"end":{"line":193,"column":null}},"39":{"start":{"line":195,"column":4},"end":{"line":195,"column":null}},"40":{"start":{"line":210,"column":21},"end":{"line":210,"column":null}},"41":{"start":{"line":212,"column":19},"end":{"line":220,"column":null}},"42":{"start":{"line":222,"column":35},"end":{"line":222,"column":null}},"43":{"start":{"line":224,"column":4},"end":{"line":226,"column":null}},"44":{"start":{"line":225,"column":6},"end":{"line":225,"column":null}},"45":{"start":{"line":228,"column":4},"end":{"line":228,"column":null}},"46":{"start":{"line":244,"column":36},"end":{"line":244,"column":null}},"47":{"start":{"line":247,"column":4},"end":{"line":255,"column":null}},"48":{"start":{"line":249,"column":6},"end":{"line":254,"column":null}},"49":{"start":{"line":258,"column":4},"end":{"line":274,"column":null}},"50":{"start":{"line":261,"column":8},"end":{"line":264,"column":null}},"51":{"start":{"line":265,"column":8},"end":{"line":265,"column":null}},"52":{"start":{"line":269,"column":8},"end":{"line":272,"column":null}},"53":{"start":{"line":273,"column":8},"end":{"line":273,"column":null}},"54":{"start":{"line":276,"column":4},"end":{"line":276,"column":null}},"55":{"start":{"line":288,"column":21},"end":{"line":288,"column":null}},"56":{"start":{"line":290,"column":28},"end":{"line":295,"column":null}},"57":{"start":{"line":297,"column":4},"end":{"line":299,"column":null}},"58":{"start":{"line":298,"column":6},"end":{"line":298,"column":null}},"59":{"start":{"line":301,"column":4},"end":{"line":306,"column":null}},"60":{"start":{"line":301,"column":43},"end":{"line":306,"column":6}},"61":{"start":{"line":320,"column":21},"end":{"line":320,"column":null}},"62":{"start":{"line":323,"column":36},"end":{"line":327,"column":null}},"63":{"start":{"line":329,"column":4},"end":{"line":331,"column":null}},"64":{"start":{"line":330,"column":6},"end":{"line":330,"column":null}},"65":{"start":{"line":333,"column":28},"end":{"line":333,"column":null}},"66":{"start":{"line":333,"column":58},"end":{"line":333,"column":62}},"67":{"start":{"line":336,"column":28},"end":{"line":341,"column":null}},"68":{"start":{"line":343,"column":4},"end":{"line":345,"column":null}},"69":{"start":{"line":344,"column":6},"end":{"line":344,"column":null}},"70":{"start":{"line":347,"column":4},"end":{"line":352,"column":null}},"71":{"start":{"line":347,"column":43},"end":{"line":352,"column":6}},"72":{"start":{"line":368,"column":4},"end":{"line":372,"column":null}},"73":{"start":{"line":382,"column":4},"end":{"line":385,"column":null}},"74":{"start":{"line":403,"column":4},"end":{"line":408,"column":null}},"75":{"start":{"line":418,"column":4},"end":{"line":423,"column":null}},"76":{"start":{"line":418,"column":36},"end":{"line":423,"column":6}},"77":{"start":{"line":443,"column":21},"end":{"line":443,"column":null}},"78":{"start":{"line":446,"column":28},"end":{"line":450,"column":null}},"79":{"start":{"line":452,"column":4},"end":{"line":454,"column":null}},"80":{"start":{"line":453,"column":6},"end":{"line":453,"column":null}},"81":{"start":{"line":456,"column":20},"end":{"line":456,"column":null}},"82":{"start":{"line":457,"column":25},"end":{"line":457,"column":null}},"83":{"start":{"line":460,"column":43},"end":{"line":460,"column":null}},"84":{"start":{"line":461,"column":23},"end":{"line":461,"column":null}},"85":{"start":{"line":463,"column":4},"end":{"line":468,"column":null}},"86":{"start":{"line":464,"column":6},"end":{"line":464,"column":null}},"87":{"start":{"line":465,"column":6},"end":{"line":467,"column":null}},"88":{"start":{"line":466,"column":8},"end":{"line":466,"column":null}},"89":{"start":{"line":470,"column":24},"end":{"line":470,"column":null}},"90":{"start":{"line":472,"column":4},"end":{"line":476,"column":null}}},"fnMap":{"0":{"name":"(anonymous_0)","decl":{"start":{"line":77,"column":9},"end":{"line":77,"column":null}},"loc":{"start":{"line":81,"column":18},"end":{"line":96,"column":null}},"line":81},"1":{"name":"(anonymous_1)","decl":{"start":{"line":104,"column":9},"end":{"line":104,"column":24}},"loc":{"start":{"line":107,"column":4},"end":{"line":159,"column":null}},"line":107},"2":{"name":"(anonymous_2)","decl":{"start":{"line":168,"column":15},"end":{"line":168,"column":null}},"loc":{"start":{"line":171,"column":21},"end":{"line":196,"column":null}},"line":171},"3":{"name":"(anonymous_3)","decl":{"start":{"line":205,"column":15},"end":{"line":205,"column":null}},"loc":{"start":{"line":209,"column":19},"end":{"line":229,"column":null}},"line":209},"4":{"name":"(anonymous_4)","decl":{"start":{"line":239,"column":9},"end":{"line":239,"column":null}},"loc":{"start":{"line":243,"column":20},"end":{"line":277,"column":null}},"line":243},"5":{"name":"(anonymous_5)","decl":{"start":{"line":285,"column":15},"end":{"line":285,"column":null}},"loc":{"start":{"line":287,"column":29},"end":{"line":307,"column":null}},"line":287},"6":{"name":"(anonymous_6)","decl":{"start":{"line":301,"column":28},"end":{"line":301,"column":29}},"loc":{"start":{"line":301,"column":43},"end":{"line":306,"column":6}},"line":301},"7":{"name":"(anonymous_7)","decl":{"start":{"line":316,"column":15},"end":{"line":316,"column":null}},"loc":{"start":{"line":319,"column":38},"end":{"line":353,"column":null}},"line":319},"8":{"name":"(anonymous_8)","decl":{"start":{"line":333,"column":46},"end":{"line":333,"column":47}},"loc":{"start":{"line":333,"column":58},"end":{"line":333,"column":62}},"line":333},"9":{"name":"(anonymous_9)","decl":{"start":{"line":347,"column":28},"end":{"line":347,"column":29}},"loc":{"start":{"line":347,"column":43},"end":{"line":352,"column":6}},"line":347},"10":{"name":"(anonymous_10)","decl":{"start":{"line":363,"column":9},"end":{"line":363,"column":null}},"loc":{"start":{"line":367,"column":18},"end":{"line":373,"column":null}},"line":367},"11":{"name":"(anonymous_11)","decl":{"start":{"line":381,"column":9},"end":{"line":381,"column":35}},"loc":{"start":{"line":381,"column":70},"end":{"line":386,"column":null}},"line":381},"12":{"name":"(anonymous_12)","decl":{"start":{"line":397,"column":9},"end":{"line":397,"column":null}},"loc":{"start":{"line":402,"column":18},"end":{"line":409,"column":null}},"line":402},"13":{"name":"(anonymous_13)","decl":{"start":{"line":417,"column":9},"end":{"line":417,"column":34}},"loc":{"start":{"line":417,"column":75},"end":{"line":424,"column":null}},"line":417},"14":{"name":"(anonymous_14)","decl":{"start":{"line":418,"column":23},"end":{"line":418,"column":24}},"loc":{"start":{"line":418,"column":36},"end":{"line":423,"column":6}},"line":418},"15":{"name":"(anonymous_15)","decl":{"start":{"line":434,"column":15},"end":{"line":434,"column":null}},"loc":{"start":{"line":442,"column":5},"end":{"line":477,"column":null}},"line":442},"16":{"name":"(anonymous_16)","decl":{"start":{"line":463,"column":20},"end":{"line":463,"column":21}},"loc":{"start":{"line":463,"column":37},"end":{"line":468,"column":5}},"line":463}},"branchMap":{"0":{"loc":{"start":{"line":91,"column":4},"end":{"line":93,"column":null}},"type":"if","locations":[{"start":{"line":91,"column":4},"end":{"line":93,"column":null}},{"start":{},"end":{}}],"line":91},"1":{"loc":{"start":{"line":111,"column":4},"end":{"line":113,"column":null}},"type":"if","locations":[{"start":{"line":111,"column":4},"end":{"line":113,"column":null}},{"start":{},"end":{}}],"line":111},"2":{"loc":{"start":{"line":116,"column":4},"end":{"line":153,"column":null}},"type":"switch","locations":[{"start":{"line":117,"column":6},"end":{"line":125,"column":null}},{"start":{"line":127,"column":6},"end":{"line":135,"column":null}},{"start":{"line":137,"column":6},"end":{"line":145,"column":null}},{"start":{"line":147,"column":6},"end":{"line":152,"column":null}}],"line":116},"3":{"loc":{"start":{"line":119,"column":8},"end":{"line":121,"column":null}},"type":"if","locations":[{"start":{"line":119,"column":8},"end":{"line":121,"column":null}},{"start":{},"end":{}}],"line":119},"4":{"loc":{"start":{"line":122,"column":8},"end":{"line":124,"column":null}},"type":"if","locations":[{"start":{"line":122,"column":8},"end":{"line":124,"column":null}},{"start":{},"end":{}}],"line":122},"5":{"loc":{"start":{"line":129,"column":8},"end":{"line":131,"column":null}},"type":"if","locations":[{"start":{"line":129,"column":8},"end":{"line":131,"column":null}},{"start":{},"end":{}}],"line":129},"6":{"loc":{"start":{"line":132,"column":8},"end":{"line":134,"column":null}},"type":"if","locations":[{"start":{"line":132,"column":8},"end":{"line":134,"column":null}},{"start":{},"end":{}}],"line":132},"7":{"loc":{"start":{"line":139,"column":8},"end":{"line":141,"column":null}},"type":"if","locations":[{"start":{"line":139,"column":8},"end":{"line":141,"column":null}},{"start":{},"end":{}}],"line":139},"8":{"loc":{"start":{"line":142,"column":8},"end":{"line":144,"column":null}},"type":"if","locations":[{"start":{"line":142,"column":8},"end":{"line":144,"column":null}},{"start":{},"end":{}}],"line":142},"9":{"loc":{"start":{"line":149,"column":8},"end":{"line":151,"column":null}},"type":"if","locations":[{"start":{"line":149,"column":8},"end":{"line":151,"column":null}},{"start":{},"end":{}}],"line":149},"10":{"loc":{"start":{"line":157,"column":14},"end":{"line":157,"column":null}},"type":"cond-expr","locations":[{"start":{"line":157,"column":34},"end":{"line":157,"column":43}},{"start":{"line":157,"column":43},"end":{"line":157,"column":null}}],"line":157},"11":{"loc":{"start":{"line":185,"column":4},"end":{"line":187,"column":null}},"type":"if","locations":[{"start":{"line":185,"column":4},"end":{"line":187,"column":null}},{"start":{},"end":{}}],"line":185},"12":{"loc":{"start":{"line":189,"column":4},"end":{"line":191,"column":null}},"type":"if","locations":[{"start":{"line":189,"column":4},"end":{"line":191,"column":null}},{"start":{},"end":{}}],"line":189},"13":{"loc":{"start":{"line":224,"column":4},"end":{"line":226,"column":null}},"type":"if","locations":[{"start":{"line":224,"column":4},"end":{"line":226,"column":null}},{"start":{},"end":{}}],"line":224},"14":{"loc":{"start":{"line":247,"column":4},"end":{"line":255,"column":null}},"type":"if","locations":[{"start":{"line":247,"column":4},"end":{"line":255,"column":null}},{"start":{},"end":{}}],"line":247},"15":{"loc":{"start":{"line":247,"column":8},"end":{"line":247,"column":58}},"type":"binary-expr","locations":[{"start":{"line":247,"column":8},"end":{"line":247,"column":43}},{"start":{"line":247,"column":43},"end":{"line":247,"column":58}}],"line":247},"16":{"loc":{"start":{"line":258,"column":4},"end":{"line":274,"column":null}},"type":"switch","locations":[{"start":{"line":259,"column":6},"end":{"line":265,"column":null}},{"start":{"line":267,"column":6},"end":{"line":273,"column":null}}],"line":258},"17":{"loc":{"start":{"line":261,"column":8},"end":{"line":264,"column":null}},"type":"if","locations":[{"start":{"line":261,"column":8},"end":{"line":264,"column":null}},{"start":{},"end":{}}],"line":261},"18":{"loc":{"start":{"line":269,"column":8},"end":{"line":272,"column":null}},"type":"if","locations":[{"start":{"line":269,"column":8},"end":{"line":272,"column":null}},{"start":{},"end":{}}],"line":269},"19":{"loc":{"start":{"line":269,"column":12},"end":{"line":269,"column":63}},"type":"binary-expr","locations":[{"start":{"line":269,"column":12},"end":{"line":269,"column":46}},{"start":{"line":269,"column":46},"end":{"line":269,"column":63}}],"line":269},"20":{"loc":{"start":{"line":297,"column":4},"end":{"line":299,"column":null}},"type":"if","locations":[{"start":{"line":297,"column":4},"end":{"line":299,"column":null}},{"start":{},"end":{}}],"line":297},"21":{"loc":{"start":{"line":301,"column":12},"end":{"line":301,"column":24}},"type":"binary-expr","locations":[{"start":{"line":301,"column":12},"end":{"line":301,"column":20}},{"start":{"line":301,"column":20},"end":{"line":301,"column":24}}],"line":301},"22":{"loc":{"start":{"line":318,"column":4},"end":{"line":318,"column":null}},"type":"default-arg","locations":[{"start":{"line":318,"column":20},"end":{"line":318,"column":null}}],"line":318},"23":{"loc":{"start":{"line":329,"column":4},"end":{"line":331,"column":null}},"type":"if","locations":[{"start":{"line":329,"column":4},"end":{"line":331,"column":null}},{"start":{},"end":{}}],"line":329},"24":{"loc":{"start":{"line":329,"column":8},"end":{"line":329,"column":54}},"type":"binary-expr","locations":[{"start":{"line":329,"column":8},"end":{"line":329,"column":26}},{"start":{"line":329,"column":26},"end":{"line":329,"column":54}}],"line":329},"25":{"loc":{"start":{"line":343,"column":4},"end":{"line":345,"column":null}},"type":"if","locations":[{"start":{"line":343,"column":4},"end":{"line":345,"column":null}},{"start":{},"end":{}}],"line":343},"26":{"loc":{"start":{"line":347,"column":12},"end":{"line":347,"column":24}},"type":"binary-expr","locations":[{"start":{"line":347,"column":12},"end":{"line":347,"column":20}},{"start":{"line":347,"column":20},"end":{"line":347,"column":24}}],"line":347},"27":{"loc":{"start":{"line":350,"column":18},"end":{"line":350,"column":null}},"type":"cond-expr","locations":[{"start":{"line":350,"column":36},"end":{"line":350,"column":64}},{"start":{"line":350,"column":64},"end":{"line":350,"column":null}}],"line":350},"28":{"loc":{"start":{"line":401,"column":4},"end":{"line":401,"column":null}},"type":"default-arg","locations":[{"start":{"line":401,"column":43},"end":{"line":401,"column":null}}],"line":401},"29":{"loc":{"start":{"line":421,"column":14},"end":{"line":421,"column":null}},"type":"binary-expr","locations":[{"start":{"line":421,"column":14},"end":{"line":421,"column":31}},{"start":{"line":421,"column":31},"end":{"line":421,"column":null}}],"line":421},"30":{"loc":{"start":{"line":452,"column":4},"end":{"line":454,"column":null}},"type":"if","locations":[{"start":{"line":452,"column":4},"end":{"line":454,"column":null}},{"start":{},"end":{}}],"line":452},"31":{"loc":{"start":{"line":456,"column":20},"end":{"line":456,"column":null}},"type":"binary-expr","locations":[{"start":{"line":456,"column":20},"end":{"line":456,"column":28}},{"start":{"line":456,"column":28},"end":{"line":456,"column":null}}],"line":456},"32":{"loc":{"start":{"line":464,"column":36},"end":{"line":464,"column":71}},"type":"binary-expr","locations":[{"start":{"line":464,"column":36},"end":{"line":464,"column":66}},{"start":{"line":464,"column":66},"end":{"line":464,"column":71}}],"line":464},"33":{"loc":{"start":{"line":465,"column":6},"end":{"line":467,"column":null}},"type":"if","locations":[{"start":{"line":465,"column":6},"end":{"line":467,"column":null}},{"start":{},"end":{}}],"line":465},"34":{"loc":{"start":{"line":470,"column":24},"end":{"line":470,"column":null}},"type":"cond-expr","locations":[{"start":{"line":470,"column":43},"end":{"line":470,"column":73}},{"start":{"line":470,"column":73},"end":{"line":470,"column":null}}],"line":470}},"s":{"0":14,"1":14,"2":14,"3":1,"4":13,"5":19,"6":19,"7":0,"8":19,"9":7,"10":7,"11":2,"12":7,"13":1,"14":7,"15":7,"16":7,"17":0,"18":7,"19":0,"20":7,"21":5,"22":5,"23":0,"24":5,"25":0,"26":5,"27":0,"28":0,"29":0,"30":0,"31":19,"32":2,"33":2,"34":2,"35":1,"36":1,"37":0,"38":1,"39":1,"40":2,"41":2,"42":2,"43":2,"44":0,"45":2,"46":4,"47":4,"48":2,"49":4,"50":0,"51":0,"52":0,"53":0,"54":4,"55":2,"56":2,"57":2,"58":0,"59":2,"60":1,"61":0,"62":0,"63":0,"64":0,"65":0,"66":0,"67":0,"68":0,"69":0,"70":0,"71":0,"72":2,"73":1,"74":3,"75":2,"76":4,"77":2,"78":2,"79":2,"80":0,"81":2,"82":2,"83":2,"84":2,"85":2,"86":4,"87":4,"88":3,"89":2,"90":2},"f":{"0":1,"1":1,"2":1,"3":1,"4":1,"5":1,"6":1,"7":1,"8":0,"9":0,"10":1,"11":1,"12":1,"13":1,"14":4,"15":1,"16":4},"b":{"0":[1,13],"1":[0,19],"2":[7,7,5,0],"3":[2,5],"4":[1,6],"5":[0,7],"6":[0,7],"7":[0,5],"8":[0,5],"9":[0,0],"10":[3,16],"11":[1,1],"12":[0,1],"13":[0,2],"14":[2,2],"15":[4,3],"16":[0,0],"17":[0,0],"18":[0,0],"19":[0,0],"20":[0,2],"21":[2,0],"22":[0],"23":[0,0],"24":[0,0],"25":[0,0],"26":[0,0],"27":[0,0],"28":[3],"29":[4,0],"30":[0,2],"31":[2,0],"32":[4,2],"33":[3,1],"34":[1,1]},"meta":{"lastBranch":35,"lastFunction":17,"lastStatement":91,"seen":{"f:77:9:77:Infinity":0,"s:82:33:87:Infinity":0,"s:90:23:90:Infinity":1,"b:91:4:93:Infinity:undefined:undefined:undefined:undefined":0,"s:91:4:93:Infinity":2,"s:92:6:92:Infinity":3,"s:95:4:95:Infinity":4,"f:104:9:104:24":1,"s:108:29:108:Infinity":5,"b:111:4:113:Infinity:undefined:undefined:undefined:undefined":1,"s:111:4:113:Infinity":6,"s:112:6:112:Infinity":7,"b:117:6:125:Infinity:127:6:135:Infinity:137:6:145:Infinity:147:6:152:Infinity":2,"s:116:4:153:Infinity":8,"s:118:32:118:Infinity":9,"b:119:8:121:Infinity:undefined:undefined:undefined:undefined":3,"s:119:8:121:Infinity":10,"s:120:10:120:Infinity":11,"b:122:8:124:Infinity:undefined:undefined:undefined:undefined":4,"s:122:8:124:Infinity":12,"s:123:10:123:Infinity":13,"s:125:8:125:Infinity":14,"s:128:30:128:Infinity":15,"b:129:8:131:Infinity:undefined:undefined:undefined:undefined":5,"s:129:8:131:Infinity":16,"s:130:10:130:Infinity":17,"b:132:8:134:Infinity:undefined:undefined:undefined:undefined":6,"s:132:8:134:Infinity":18,"s:133:10:133:Infinity":19,"s:135:8:135:Infinity":20,"s:138:29:138:Infinity":21,"b:139:8:141:Infinity:undefined:undefined:undefined:undefined":7,"s:139:8:141:Infinity":22,"s:140:10:140:Infinity":23,"b:142:8:144:Infinity:undefined:undefined:undefined:undefined":8,"s:142:8:144:Infinity":24,"s:143:10:143:Infinity":25,"s:145:8:145:Infinity":26,"s:148:27:148:Infinity":27,"b:149:8:151:Infinity:undefined:undefined:undefined:undefined":9,"s:149:8:151:Infinity":28,"s:150:10:150:Infinity":29,"s:152:8:152:Infinity":30,"s:155:4:158:Infinity":31,"b:157:34:157:43:157:43:157:Infinity":10,"f:168:15:168:Infinity":2,"s:172:21:172:Infinity":32,"s:174:28:183:Infinity":33,"b:185:4:187:Infinity:undefined:undefined:undefined:undefined":11,"s:185:4:187:Infinity":34,"s:186:6:186:Infinity":35,"b:189:4:191:Infinity:undefined:undefined:undefined:undefined":12,"s:189:4:191:Infinity":36,"s:190:6:190:Infinity":37,"s:193:4:193:Infinity":38,"s:195:4:195:Infinity":39,"f:205:15:205:Infinity":3,"s:210:21:210:Infinity":40,"s:212:19:220:Infinity":41,"s:222:35:222:Infinity":42,"b:224:4:226:Infinity:undefined:undefined:undefined:undefined":13,"s:224:4:226:Infinity":43,"s:225:6:225:Infinity":44,"s:228:4:228:Infinity":45,"f:239:9:239:Infinity":4,"s:244:36:244:Infinity":46,"b:247:4:255:Infinity:undefined:undefined:undefined:undefined":14,"s:247:4:255:Infinity":47,"b:247:8:247:43:247:43:247:58":15,"s:249:6:254:Infinity":48,"b:259:6:265:Infinity:267:6:273:Infinity":16,"s:258:4:274:Infinity":49,"b:261:8:264:Infinity:undefined:undefined:undefined:undefined":17,"s:261:8:264:Infinity":50,"s:265:8:265:Infinity":51,"b:269:8:272:Infinity:undefined:undefined:undefined:undefined":18,"s:269:8:272:Infinity":52,"b:269:12:269:46:269:46:269:63":19,"s:273:8:273:Infinity":53,"s:276:4:276:Infinity":54,"f:285:15:285:Infinity":5,"s:288:21:288:Infinity":55,"s:290:28:295:Infinity":56,"b:297:4:299:Infinity:undefined:undefined:undefined:undefined":20,"s:297:4:299:Infinity":57,"s:298:6:298:Infinity":58,"s:301:4:306:Infinity":59,"b:301:12:301:20:301:20:301:24":21,"f:301:28:301:29":6,"s:301:43:306:6":60,"f:316:15:316:Infinity":7,"b:318:20:318:Infinity":22,"s:320:21:320:Infinity":61,"s:323:36:327:Infinity":62,"b:329:4:331:Infinity:undefined:undefined:undefined:undefined":23,"s:329:4:331:Infinity":63,"b:329:8:329:26:329:26:329:54":24,"s:330:6:330:Infinity":64,"s:333:28:333:Infinity":65,"f:333:46:333:47":8,"s:333:58:333:62":66,"s:336:28:341:Infinity":67,"b:343:4:345:Infinity:undefined:undefined:undefined:undefined":25,"s:343:4:345:Infinity":68,"s:344:6:344:Infinity":69,"s:347:4:352:Infinity":70,"b:347:12:347:20:347:20:347:24":26,"f:347:28:347:29":9,"s:347:43:352:6":71,"b:350:36:350:64:350:64:350:Infinity":27,"f:363:9:363:Infinity":10,"s:368:4:372:Infinity":72,"f:381:9:381:35":11,"s:382:4:385:Infinity":73,"f:397:9:397:Infinity":12,"b:401:43:401:Infinity":28,"s:403:4:408:Infinity":74,"f:417:9:417:34":13,"s:418:4:423:Infinity":75,"f:418:23:418:24":14,"s:418:36:423:6":76,"b:421:14:421:31:421:31:421:Infinity":29,"f:434:15:434:Infinity":15,"s:443:21:443:Infinity":77,"s:446:28:450:Infinity":78,"b:452:4:454:Infinity:undefined:undefined:undefined:undefined":30,"s:452:4:454:Infinity":79,"s:453:6:453:Infinity":80,"s:456:20:456:Infinity":81,"b:456:20:456:28:456:28:456:Infinity":31,"s:457:25:457:Infinity":82,"s:460:43:460:Infinity":83,"s:461:23:461:Infinity":84,"s:463:4:468:Infinity":85,"f:463:20:463:21":16,"s:464:6:464:Infinity":86,"b:464:36:464:66:464:66:464:71":32,"b:465:6:467:Infinity:undefined:undefined:undefined:undefined":33,"s:465:6:467:Infinity":87,"s:466:8:466:Infinity":88,"s:470:24:470:Infinity":89,"b:470:43:470:73:470:73:470:Infinity":34,"s:472:4:476:Infinity":90}}}
,"/Users/gustavo/Desktop/zona-app/zona-gol/app/api/agent/core/identity.service.ts": {"path":"/Users/gustavo/Desktop/zona-app/zona-gol/app/api/agent/core/identity.service.ts","statementMap":{"0":{"start":{"line":33,"column":21},"end":{"line":33,"column":null}},"1":{"start":{"line":36,"column":4},"end":{"line":38,"column":null}},"2":{"start":{"line":37,"column":6},"end":{"line":37,"column":null}},"3":{"start":{"line":41,"column":4},"end":{"line":43,"column":null}},"4":{"start":{"line":42,"column":6},"end":{"line":42,"column":null}},"5":{"start":{"line":46,"column":4},"end":{"line":46,"column":null}},"6":{"start":{"line":55,"column":21},"end":{"line":55,"column":null}},"7":{"start":{"line":58,"column":28},"end":{"line":58,"column":null}},"8":{"start":{"line":61,"column":34},"end":{"line":78,"column":null}},"9":{"start":{"line":81,"column":4},"end":{"line":88,"column":null}},"10":{"start":{"line":82,"column":6},"end":{"line":82,"column":null}},"11":{"start":{"line":83,"column":6},"end":{"line":87,"column":null}},"12":{"start":{"line":91,"column":21},"end":{"line":91,"column":null}},"13":{"start":{"line":94,"column":23},"end":{"line":94,"column":null}},"14":{"start":{"line":95,"column":27},"end":{"line":95,"column":null}},"15":{"start":{"line":98,"column":4},"end":{"line":98,"column":null}},"16":{"start":{"line":100,"column":4},"end":{"line":112,"column":null}},"17":{"start":{"line":121,"column":21},"end":{"line":121,"column":null}},"18":{"start":{"line":124,"column":34},"end":{"line":137,"column":null}},"19":{"start":{"line":139,"column":4},"end":{"line":141,"column":null}},"20":{"start":{"line":140,"column":6},"end":{"line":140,"column":null}},"21":{"start":{"line":144,"column":21},"end":{"line":144,"column":null}},"22":{"start":{"line":149,"column":4},"end":{"line":153,"column":null}},"23":{"start":{"line":150,"column":25},"end":{"line":150,"column":null}},"24":{"start":{"line":151,"column":6},"end":{"line":151,"column":null}},"25":{"start":{"line":152,"column":6},"end":{"line":152,"column":null}},"26":{"start":{"line":155,"column":23},"end":{"line":155,"column":null}},"27":{"start":{"line":157,"column":4},"end":{"line":157,"column":null}},"28":{"start":{"line":159,"column":4},"end":{"line":171,"column":null}},"29":{"start":{"line":191,"column":21},"end":{"line":191,"column":null}},"30":{"start":{"line":194,"column":28},"end":{"line":194,"column":null}},"31":{"start":{"line":197,"column":45},"end":{"line":201,"column":null}},"32":{"start":{"line":203,"column":4},"end":{"line":205,"column":null}},"33":{"start":{"line":204,"column":6},"end":{"line":204,"column":null}},"34":{"start":{"line":207,"column":21},"end":{"line":207,"column":null}},"35":{"start":{"line":210,"column":49},"end":{"line":214,"column":null}},"36":{"start":{"line":216,"column":4},"end":{"line":218,"column":null}},"37":{"start":{"line":217,"column":6},"end":{"line":217,"column":null}},"38":{"start":{"line":221,"column":35},"end":{"line":226,"column":null}},"39":{"start":{"line":228,"column":4},"end":{"line":230,"column":null}},"40":{"start":{"line":229,"column":6},"end":{"line":229,"column":null}},"41":{"start":{"line":233,"column":45},"end":{"line":247,"column":null}},"42":{"start":{"line":249,"column":4},"end":{"line":251,"column":null}},"43":{"start":{"line":250,"column":6},"end":{"line":250,"column":null}},"44":{"start":{"line":253,"column":21},"end":{"line":253,"column":null}},"45":{"start":{"line":255,"column":4},"end":{"line":255,"column":null}},"46":{"start":{"line":257,"column":4},"end":{"line":271,"column":null}},"47":{"start":{"line":280,"column":21},"end":{"line":280,"column":null}},"48":{"start":{"line":282,"column":28},"end":{"line":282,"column":null}},"49":{"start":{"line":285,"column":22},"end":{"line":290,"column":null}},"50":{"start":{"line":292,"column":4},"end":{"line":294,"column":null}},"51":{"start":{"line":293,"column":6},"end":{"line":293,"column":null}},"52":{"start":{"line":296,"column":4},"end":{"line":296,"column":null}},"53":{"start":{"line":309,"column":21},"end":{"line":309,"column":null}},"54":{"start":{"line":311,"column":28},"end":{"line":311,"column":null}},"55":{"start":{"line":313,"column":22},"end":{"line":318,"column":null}},"56":{"start":{"line":320,"column":4},"end":{"line":322,"column":null}},"57":{"start":{"line":321,"column":6},"end":{"line":321,"column":null}},"58":{"start":{"line":324,"column":4},"end":{"line":324,"column":null}},"59":{"start":{"line":335,"column":56},"end":{"line":342,"column":null}},"60":{"start":{"line":344,"column":4},"end":{"line":344,"column":null}},"61":{"start":{"line":361,"column":4},"end":{"line":363,"column":null}},"62":{"start":{"line":362,"column":6},"end":{"line":362,"column":null}},"63":{"start":{"line":366,"column":4},"end":{"line":368,"column":null}},"64":{"start":{"line":367,"column":6},"end":{"line":367,"column":null}},"65":{"start":{"line":371,"column":4},"end":{"line":376,"column":null}},"66":{"start":{"line":372,"column":6},"end":{"line":374,"column":null}},"67":{"start":{"line":373,"column":8},"end":{"line":373,"column":null}},"68":{"start":{"line":375,"column":6},"end":{"line":375,"column":null}},"69":{"start":{"line":379,"column":4},"end":{"line":383,"column":null}},"70":{"start":{"line":381,"column":29},"end":{"line":381,"column":null}},"71":{"start":{"line":382,"column":6},"end":{"line":382,"column":null}},"72":{"start":{"line":386,"column":4},"end":{"line":389,"column":null}},"73":{"start":{"line":387,"column":29},"end":{"line":387,"column":null}},"74":{"start":{"line":388,"column":6},"end":{"line":388,"column":null}},"75":{"start":{"line":391,"column":4},"end":{"line":391,"column":null}},"76":{"start":{"line":403,"column":21},"end":{"line":403,"column":null}},"77":{"start":{"line":405,"column":33},"end":{"line":412,"column":null}},"78":{"start":{"line":414,"column":27},"end":{"line":414,"column":null}},"79":{"start":{"line":415,"column":4},"end":{"line":415,"column":null}},"80":{"start":{"line":427,"column":21},"end":{"line":427,"column":null}},"81":{"start":{"line":429,"column":33},"end":{"line":436,"column":null}},"82":{"start":{"line":438,"column":27},"end":{"line":438,"column":null}},"83":{"start":{"line":439,"column":4},"end":{"line":439,"column":null}},"84":{"start":{"line":439,"column":25},"end":{"line":439,"column":null}},"85":{"start":{"line":441,"column":4},"end":{"line":444,"column":null}},"86":{"start":{"line":457,"column":21},"end":{"line":457,"column":null}},"87":{"start":{"line":460,"column":4},"end":{"line":462,"column":null}},"88":{"start":{"line":461,"column":6},"end":{"line":461,"column":null}},"89":{"start":{"line":464,"column":4},"end":{"line":464,"column":null}},"90":{"start":{"line":476,"column":21},"end":{"line":476,"column":null}},"91":{"start":{"line":478,"column":35},"end":{"line":483,"column":null}},"92":{"start":{"line":485,"column":4},"end":{"line":487,"column":null}},"93":{"start":{"line":486,"column":6},"end":{"line":486,"column":null}},"94":{"start":{"line":489,"column":4},"end":{"line":503,"column":null}},"95":{"start":{"line":489,"column":45},"end":{"line":503,"column":6}},"96":{"start":{"line":513,"column":21},"end":{"line":513,"column":null}},"97":{"start":{"line":515,"column":28},"end":{"line":515,"column":null}},"98":{"start":{"line":517,"column":21},"end":{"line":522,"column":null}},"99":{"start":{"line":524,"column":4},"end":{"line":524,"column":null}},"100":{"start":{"line":533,"column":4},"end":{"line":533,"column":null}}},"fnMap":{"0":{"name":"(anonymous_0)","decl":{"start":{"line":29,"column":15},"end":{"line":29,"column":null}},"loc":{"start":{"line":32,"column":27},"end":{"line":47,"column":null}},"line":32},"1":{"name":"(anonymous_1)","decl":{"start":{"line":52,"column":23},"end":{"line":52,"column":null}},"loc":{"start":{"line":54,"column":27},"end":{"line":113,"column":null}},"line":54},"2":{"name":"(anonymous_2)","decl":{"start":{"line":118,"column":23},"end":{"line":118,"column":null}},"loc":{"start":{"line":120,"column":27},"end":{"line":172,"column":null}},"line":120},"3":{"name":"(anonymous_3)","decl":{"start":{"line":184,"column":15},"end":{"line":184,"column":null}},"loc":{"start":{"line":190,"column":31},"end":{"line":272,"column":null}},"line":190},"4":{"name":"(anonymous_4)","decl":{"start":{"line":279,"column":15},"end":{"line":279,"column":34}},"loc":{"start":{"line":279,"column":70},"end":{"line":297,"column":null}},"line":279},"5":{"name":"(anonymous_5)","decl":{"start":{"line":305,"column":15},"end":{"line":305,"column":null}},"loc":{"start":{"line":308,"column":19},"end":{"line":325,"column":null}},"line":308},"6":{"name":"(anonymous_6)","decl":{"start":{"line":333,"column":9},"end":{"line":333,"column":31}},"loc":{"start":{"line":333,"column":67},"end":{"line":345,"column":null}},"line":333},"7":{"name":"(anonymous_7)","decl":{"start":{"line":355,"column":15},"end":{"line":355,"column":null}},"loc":{"start":{"line":359,"column":22},"end":{"line":392,"column":null}},"line":359},"8":{"name":"(anonymous_8)","decl":{"start":{"line":400,"column":23},"end":{"line":400,"column":null}},"loc":{"start":{"line":402,"column":33},"end":{"line":416,"column":null}},"line":402},"9":{"name":"(anonymous_9)","decl":{"start":{"line":424,"column":23},"end":{"line":424,"column":null}},"loc":{"start":{"line":426,"column":55},"end":{"line":445,"column":null}},"line":426},"10":{"name":"(anonymous_10)","decl":{"start":{"line":455,"column":17},"end":{"line":455,"column":38}},"loc":{"start":{"line":455,"column":61},"end":{"line":465,"column":null}},"line":455},"11":{"name":"(anonymous_11)","decl":{"start":{"line":473,"column":15},"end":{"line":473,"column":null}},"loc":{"start":{"line":475,"column":33},"end":{"line":504,"column":null}},"line":475},"12":{"name":"(anonymous_12)","decl":{"start":{"line":489,"column":29},"end":{"line":489,"column":30}},"loc":{"start":{"line":489,"column":45},"end":{"line":503,"column":6}},"line":489},"13":{"name":"(anonymous_13)","decl":{"start":{"line":512,"column":15},"end":{"line":512,"column":29}},"loc":{"start":{"line":512,"column":68},"end":{"line":525,"column":null}},"line":512},"14":{"name":"(anonymous_14)","decl":{"start":{"line":532,"column":9},"end":{"line":532,"column":44}},"loc":{"start":{"line":532,"column":44},"end":{"line":534,"column":null}},"line":532}},"branchMap":{"0":{"loc":{"start":{"line":36,"column":4},"end":{"line":38,"column":null}},"type":"if","locations":[{"start":{"line":36,"column":4},"end":{"line":38,"column":null}},{"start":{},"end":{}}],"line":36},"1":{"loc":{"start":{"line":41,"column":4},"end":{"line":43,"column":null}},"type":"if","locations":[{"start":{"line":41,"column":4},"end":{"line":43,"column":null}},{"start":{},"end":{}}],"line":41},"2":{"loc":{"start":{"line":41,"column":8},"end":{"line":41,"column":51}},"type":"binary-expr","locations":[{"start":{"line":41,"column":8},"end":{"line":41,"column":29}},{"start":{"line":41,"column":29},"end":{"line":41,"column":51}}],"line":41},"3":{"loc":{"start":{"line":81,"column":4},"end":{"line":88,"column":null}},"type":"if","locations":[{"start":{"line":81,"column":4},"end":{"line":88,"column":null}},{"start":{},"end":{}}],"line":81},"4":{"loc":{"start":{"line":81,"column":8},"end":{"line":81,"column":24}},"type":"binary-expr","locations":[{"start":{"line":81,"column":8},"end":{"line":81,"column":17}},{"start":{"line":81,"column":17},"end":{"line":81,"column":24}}],"line":81},"5":{"loc":{"start":{"line":94,"column":23},"end":{"line":94,"column":null}},"type":"binary-expr","locations":[{"start":{"line":94,"column":23},"end":{"line":94,"column":48}},{"start":{"line":94,"column":48},"end":{"line":94,"column":null}}],"line":94},"6":{"loc":{"start":{"line":95,"column":27},"end":{"line":95,"column":null}},"type":"binary-expr","locations":[{"start":{"line":95,"column":27},"end":{"line":95,"column":56}},{"start":{"line":95,"column":56},"end":{"line":95,"column":null}}],"line":95},"7":{"loc":{"start":{"line":103,"column":14},"end":{"line":103,"column":null}},"type":"binary-expr","locations":[{"start":{"line":103,"column":14},"end":{"line":103,"column":34}},{"start":{"line":103,"column":34},"end":{"line":103,"column":null}}],"line":103},"8":{"loc":{"start":{"line":105,"column":16},"end":{"line":105,"column":null}},"type":"binary-expr","locations":[{"start":{"line":105,"column":16},"end":{"line":105,"column":38}},{"start":{"line":105,"column":38},"end":{"line":105,"column":null}}],"line":105},"9":{"loc":{"start":{"line":107,"column":20},"end":{"line":107,"column":null}},"type":"binary-expr","locations":[{"start":{"line":107,"column":20},"end":{"line":107,"column":46}},{"start":{"line":107,"column":46},"end":{"line":107,"column":null}}],"line":107},"10":{"loc":{"start":{"line":109,"column":19},"end":{"line":109,"column":null}},"type":"binary-expr","locations":[{"start":{"line":109,"column":19},"end":{"line":109,"column":44}},{"start":{"line":109,"column":44},"end":{"line":109,"column":null}}],"line":109},"11":{"loc":{"start":{"line":110,"column":25},"end":{"line":110,"column":null}},"type":"binary-expr","locations":[{"start":{"line":110,"column":25},"end":{"line":110,"column":56}},{"start":{"line":110,"column":56},"end":{"line":110,"column":null}}],"line":110},"12":{"loc":{"start":{"line":139,"column":4},"end":{"line":141,"column":null}},"type":"if","locations":[{"start":{"line":139,"column":4},"end":{"line":141,"column":null}},{"start":{},"end":{}}],"line":139},"13":{"loc":{"start":{"line":139,"column":8},"end":{"line":139,"column":24}},"type":"binary-expr","locations":[{"start":{"line":139,"column":8},"end":{"line":139,"column":17}},{"start":{"line":139,"column":17},"end":{"line":139,"column":24}}],"line":139},"14":{"loc":{"start":{"line":149,"column":4},"end":{"line":153,"column":null}},"type":"if","locations":[{"start":{"line":149,"column":4},"end":{"line":153,"column":null}},{"start":{},"end":{}}],"line":149},"15":{"loc":{"start":{"line":149,"column":8},"end":{"line":149,"column":64}},"type":"binary-expr","locations":[{"start":{"line":149,"column":8},"end":{"line":149,"column":44}},{"start":{"line":149,"column":44},"end":{"line":149,"column":64}}],"line":149},"16":{"loc":{"start":{"line":155,"column":23},"end":{"line":155,"column":null}},"type":"binary-expr","locations":[{"start":{"line":155,"column":23},"end":{"line":155,"column":48}},{"start":{"line":155,"column":48},"end":{"line":155,"column":null}}],"line":155},"17":{"loc":{"start":{"line":164,"column":16},"end":{"line":164,"column":null}},"type":"binary-expr","locations":[{"start":{"line":164,"column":16},"end":{"line":164,"column":38}},{"start":{"line":164,"column":38},"end":{"line":164,"column":null}}],"line":164},"18":{"loc":{"start":{"line":203,"column":4},"end":{"line":205,"column":null}},"type":"if","locations":[{"start":{"line":203,"column":4},"end":{"line":205,"column":null}},{"start":{},"end":{}}],"line":203},"19":{"loc":{"start":{"line":203,"column":8},"end":{"line":203,"column":28}},"type":"binary-expr","locations":[{"start":{"line":203,"column":8},"end":{"line":203,"column":21}},{"start":{"line":203,"column":21},"end":{"line":203,"column":28}}],"line":203},"20":{"loc":{"start":{"line":216,"column":4},"end":{"line":218,"column":null}},"type":"if","locations":[{"start":{"line":216,"column":4},"end":{"line":218,"column":null}},{"start":{},"end":{}}],"line":216},"21":{"loc":{"start":{"line":216,"column":8},"end":{"line":216,"column":32}},"type":"binary-expr","locations":[{"start":{"line":216,"column":8},"end":{"line":216,"column":23}},{"start":{"line":216,"column":23},"end":{"line":216,"column":32}}],"line":216},"22":{"loc":{"start":{"line":228,"column":4},"end":{"line":230,"column":null}},"type":"if","locations":[{"start":{"line":228,"column":4},"end":{"line":230,"column":null}},{"start":{},"end":{}}],"line":228},"23":{"loc":{"start":{"line":249,"column":4},"end":{"line":251,"column":null}},"type":"if","locations":[{"start":{"line":249,"column":4},"end":{"line":251,"column":null}},{"start":{},"end":{}}],"line":249},"24":{"loc":{"start":{"line":249,"column":8},"end":{"line":249,"column":28}},"type":"binary-expr","locations":[{"start":{"line":249,"column":8},"end":{"line":249,"column":21}},{"start":{"line":249,"column":21},"end":{"line":249,"column":28}}],"line":249},"25":{"loc":{"start":{"line":266,"column":25},"end":{"line":266,"column":null}},"type":"cond-expr","locations":[{"start":{"line":266,"column":56},"end":{"line":266,"column":97}},{"start":{"line":266,"column":97},"end":{"line":266,"column":null}}],"line":266},"26":{"loc":{"start":{"line":268,"column":25},"end":{"line":268,"column":null}},"type":"binary-expr","locations":[{"start":{"line":268,"column":25},"end":{"line":268,"column":56}},{"start":{"line":268,"column":56},"end":{"line":268,"column":null}}],"line":268},"27":{"loc":{"start":{"line":292,"column":4},"end":{"line":294,"column":null}},"type":"if","locations":[{"start":{"line":292,"column":4},"end":{"line":294,"column":null}},{"start":{},"end":{}}],"line":292},"28":{"loc":{"start":{"line":320,"column":4},"end":{"line":322,"column":null}},"type":"if","locations":[{"start":{"line":320,"column":4},"end":{"line":322,"column":null}},{"start":{},"end":{}}],"line":320},"29":{"loc":{"start":{"line":361,"column":4},"end":{"line":363,"column":null}},"type":"if","locations":[{"start":{"line":361,"column":4},"end":{"line":363,"column":null}},{"start":{},"end":{}}],"line":361},"30":{"loc":{"start":{"line":366,"column":4},"end":{"line":368,"column":null}},"type":"if","locations":[{"start":{"line":366,"column":4},"end":{"line":368,"column":null}},{"start":{},"end":{}}],"line":366},"31":{"loc":{"start":{"line":366,"column":8},"end":{"line":366,"column":50}},"type":"binary-expr","locations":[{"start":{"line":366,"column":8},"end":{"line":366,"column":30}},{"start":{"line":366,"column":30},"end":{"line":366,"column":50}}],"line":366},"32":{"loc":{"start":{"line":371,"column":4},"end":{"line":376,"column":null}},"type":"if","locations":[{"start":{"line":371,"column":4},"end":{"line":376,"column":null}},{"start":{},"end":{}}],"line":371},"33":{"loc":{"start":{"line":372,"column":6},"end":{"line":374,"column":null}},"type":"if","locations":[{"start":{"line":372,"column":6},"end":{"line":374,"column":null}},{"start":{},"end":{}}],"line":372},"34":{"loc":{"start":{"line":372,"column":10},"end":{"line":372,"column":70}},"type":"binary-expr","locations":[{"start":{"line":372,"column":10},"end":{"line":372,"column":30}},{"start":{"line":372,"column":30},"end":{"line":372,"column":70}}],"line":372},"35":{"loc":{"start":{"line":379,"column":4},"end":{"line":383,"column":null}},"type":"if","locations":[{"start":{"line":379,"column":4},"end":{"line":383,"column":null}},{"start":{},"end":{}}],"line":379},"36":{"loc":{"start":{"line":386,"column":4},"end":{"line":389,"column":null}},"type":"if","locations":[{"start":{"line":386,"column":4},"end":{"line":389,"column":null}},{"start":{},"end":{}}],"line":386},"37":{"loc":{"start":{"line":386,"column":8},"end":{"line":386,"column":64}},"type":"binary-expr","locations":[{"start":{"line":386,"column":8},"end":{"line":386,"column":38}},{"start":{"line":386,"column":38},"end":{"line":386,"column":64}}],"line":386},"38":{"loc":{"start":{"line":439,"column":4},"end":{"line":439,"column":null}},"type":"if","locations":[{"start":{"line":439,"column":4},"end":{"line":439,"column":null}},{"start":{},"end":{}}],"line":439},"39":{"loc":{"start":{"line":460,"column":4},"end":{"line":462,"column":null}},"type":"if","locations":[{"start":{"line":460,"column":4},"end":{"line":462,"column":null}},{"start":{},"end":{}}],"line":460},"40":{"loc":{"start":{"line":485,"column":4},"end":{"line":487,"column":null}},"type":"if","locations":[{"start":{"line":485,"column":4},"end":{"line":487,"column":null}},{"start":{},"end":{}}],"line":485},"41":{"loc":{"start":{"line":489,"column":12},"end":{"line":489,"column":25}},"type":"binary-expr","locations":[{"start":{"line":489,"column":12},"end":{"line":489,"column":21}},{"start":{"line":489,"column":21},"end":{"line":489,"column":25}}],"line":489},"42":{"loc":{"start":{"line":498,"column":25},"end":{"line":498,"column":null}},"type":"cond-expr","locations":[{"start":{"line":498,"column":52},"end":{"line":498,"column":89}},{"start":{"line":498,"column":89},"end":{"line":498,"column":null}}],"line":498},"43":{"loc":{"start":{"line":500,"column":25},"end":{"line":500,"column":null}},"type":"binary-expr","locations":[{"start":{"line":500,"column":25},"end":{"line":500,"column":52}},{"start":{"line":500,"column":52},"end":{"line":500,"column":null}}],"line":500}},"s":{"0":0,"1":0,"2":0,"3":0,"4":0,"5":0,"6":0,"7":0,"8":0,"9":0,"10":0,"11":0,"12":0,"13":0,"14":0,"15":0,"16":0,"17":0,"18":0,"19":0,"20":0,"21":0,"22":0,"23":0,"24":0,"25":0,"26":0,"27":0,"28":0,"29":0,"30":0,"31":0,"32":0,"33":0,"34":0,"35":0,"36":0,"37":0,"38":0,"39":0,"40":0,"41":0,"42":0,"43":0,"44":0,"45":0,"46":0,"47":0,"48":0,"49":0,"50":0,"51":0,"52":0,"53":0,"54":0,"55":0,"56":0,"57":0,"58":0,"59":0,"60":0,"61":8,"62":1,"63":7,"64":1,"65":6,"66":2,"67":1,"68":1,"69":4,"70":2,"71":2,"72":2,"73":2,"74":2,"75":0,"76":0,"77":0,"78":0,"79":0,"80":0,"81":0,"82":0,"83":0,"84":0,"85":0,"86":4,"87":4,"88":1,"89":4,"90":0,"91":0,"92":0,"93":0,"94":0,"95":0,"96":0,"97":0,"98":0,"99":0,"100":101},"f":{"0":1,"1":1,"2":1,"3":1,"4":1,"5":1,"6":1,"7":1,"8":1,"9":1,"10":1,"11":1,"12":0,"13":1,"14":1},"b":{"0":[0,0],"1":[0,0],"2":[0,0],"3":[0,0],"4":[0,0],"5":[0,0],"6":[0,0],"7":[0,0],"8":[0,0],"9":[0,0],"10":[0,0],"11":[0,0],"12":[0,0],"13":[0,0],"14":[0,0],"15":[0,0],"16":[0,0],"17":[0,0],"18":[0,0],"19":[0,0],"20":[0,0],"21":[0,0],"22":[0,0],"23":[0,0],"24":[0,0],"25":[0,0],"26":[0,0],"27":[0,0],"28":[0,0],"29":[1,7],"30":[1,6],"31":[7,6],"32":[2,4],"33":[1,1],"34":[2,2],"35":[2,2],"36":[2,0],"37":[2,0],"38":[0,0],"39":[1,3],"40":[0,0],"41":[0,0],"42":[0,0],"43":[0,0]},"meta":{"lastBranch":44,"lastFunction":15,"lastStatement":101,"seen":{"f:29:15:29:Infinity":0,"s:33:21:33:Infinity":0,"b:36:4:38:Infinity:undefined:undefined:undefined:undefined":0,"s:36:4:38:Infinity":1,"s:37:6:37:Infinity":2,"b:41:4:43:Infinity:undefined:undefined:undefined:undefined":1,"s:41:4:43:Infinity":3,"b:41:8:41:29:41:29:41:51":2,"s:42:6:42:Infinity":4,"s:46:4:46:Infinity":5,"f:52:23:52:Infinity":1,"s:55:21:55:Infinity":6,"s:58:28:58:Infinity":7,"s:61:34:78:Infinity":8,"b:81:4:88:Infinity:undefined:undefined:undefined:undefined":3,"s:81:4:88:Infinity":9,"b:81:8:81:17:81:17:81:24":4,"s:82:6:82:Infinity":10,"s:83:6:87:Infinity":11,"s:91:21:91:Infinity":12,"s:94:23:94:Infinity":13,"b:94:23:94:48:94:48:94:Infinity":5,"s:95:27:95:Infinity":14,"b:95:27:95:56:95:56:95:Infinity":6,"s:98:4:98:Infinity":15,"s:100:4:112:Infinity":16,"b:103:14:103:34:103:34:103:Infinity":7,"b:105:16:105:38:105:38:105:Infinity":8,"b:107:20:107:46:107:46:107:Infinity":9,"b:109:19:109:44:109:44:109:Infinity":10,"b:110:25:110:56:110:56:110:Infinity":11,"f:118:23:118:Infinity":2,"s:121:21:121:Infinity":17,"s:124:34:137:Infinity":18,"b:139:4:141:Infinity:undefined:undefined:undefined:undefined":12,"s:139:4:141:Infinity":19,"b:139:8:139:17:139:17:139:24":13,"s:140:6:140:Infinity":20,"s:144:21:144:Infinity":21,"b:149:4:153:Infinity:undefined:undefined:undefined:undefined":14,"s:149:4:153:Infinity":22,"b:149:8:149:44:149:44:149:64":15,"s:150:25:150:Infinity":23,"s:151:6:151:Infinity":24,"s:152:6:152:Infinity":25,"s:155:23:155:Infinity":26,"b:155:23:155:48:155:48:155:Infinity":16,"s:157:4:157:Infinity":27,"s:159:4:171:Infinity":28,"b:164:16:164:38:164:38:164:Infinity":17,"f:184:15:184:Infinity":3,"s:191:21:191:Infinity":29,"s:194:28:194:Infinity":30,"s:197:45:201:Infinity":31,"b:203:4:205:Infinity:undefined:undefined:undefined:undefined":18,"s:203:4:205:Infinity":32,"b:203:8:203:21:203:21:203:28":19,"s:204:6:204:Infinity":33,"s:207:21:207:Infinity":34,"s:210:49:214:Infinity":35,"b:216:4:218:Infinity:undefined:undefined:undefined:undefined":20,"s:216:4:218:Infinity":36,"b:216:8:216:23:216:23:216:32":21,"s:217:6:217:Infinity":37,"s:221:35:226:Infinity":38,"b:228:4:230:Infinity:undefined:undefined:undefined:undefined":22,"s:228:4:230:Infinity":39,"s:229:6:229:Infinity":40,"s:233:45:247:Infinity":41,"b:249:4:251:Infinity:undefined:undefined:undefined:undefined":23,"s:249:4:251:Infinity":42,"b:249:8:249:21:249:21:249:28":24,"s:250:6:250:Infinity":43,"s:253:21:253:Infinity":44,"s:255:4:255:Infinity":45,"s:257:4:271:Infinity":46,"b:266:56:266:97:266:97:266:Infinity":25,"b:268:25:268:56:268:56:268:Infinity":26,"f:279:15:279:34":4,"s:280:21:280:Infinity":47,"s:282:28:282:Infinity":48,"s:285:22:290:Infinity":49,"b:292:4:294:Infinity:undefined:undefined:undefined:undefined":27,"s:292:4:294:Infinity":50,"s:293:6:293:Infinity":51,"s:296:4:296:Infinity":52,"f:305:15:305:Infinity":5,"s:309:21:309:Infinity":53,"s:311:28:311:Infinity":54,"s:313:22:318:Infinity":55,"b:320:4:322:Infinity:undefined:undefined:undefined:undefined":28,"s:320:4:322:Infinity":56,"s:321:6:321:Infinity":57,"s:324:4:324:Infinity":58,"f:333:9:333:31":6,"s:335:56:342:Infinity":59,"s:344:4:344:Infinity":60,"f:355:15:355:Infinity":7,"b:361:4:363:Infinity:undefined:undefined:undefined:undefined":29,"s:361:4:363:Infinity":61,"s:362:6:362:Infinity":62,"b:366:4:368:Infinity:undefined:undefined:undefined:undefined":30,"s:366:4:368:Infinity":63,"b:366:8:366:30:366:30:366:50":31,"s:367:6:367:Infinity":64,"b:371:4:376:Infinity:undefined:undefined:undefined:undefined":32,"s:371:4:376:Infinity":65,"b:372:6:374:Infinity:undefined:undefined:undefined:undefined":33,"s:372:6:374:Infinity":66,"b:372:10:372:30:372:30:372:70":34,"s:373:8:373:Infinity":67,"s:375:6:375:Infinity":68,"b:379:4:383:Infinity:undefined:undefined:undefined:undefined":35,"s:379:4:383:Infinity":69,"s:381:29:381:Infinity":70,"s:382:6:382:Infinity":71,"b:386:4:389:Infinity:undefined:undefined:undefined:undefined":36,"s:386:4:389:Infinity":72,"b:386:8:386:38:386:38:386:64":37,"s:387:29:387:Infinity":73,"s:388:6:388:Infinity":74,"s:391:4:391:Infinity":75,"f:400:23:400:Infinity":8,"s:403:21:403:Infinity":76,"s:405:33:412:Infinity":77,"s:414:27:414:Infinity":78,"s:415:4:415:Infinity":79,"f:424:23:424:Infinity":9,"s:427:21:427:Infinity":80,"s:429:33:436:Infinity":81,"s:438:27:438:Infinity":82,"b:439:4:439:Infinity:undefined:undefined:undefined:undefined":38,"s:439:4:439:Infinity":83,"s:439:25:439:Infinity":84,"s:441:4:444:Infinity":85,"f:455:17:455:38":10,"s:457:21:457:Infinity":86,"b:460:4:462:Infinity:undefined:undefined:undefined:undefined":39,"s:460:4:462:Infinity":87,"s:461:6:461:Infinity":88,"s:464:4:464:Infinity":89,"f:473:15:473:Infinity":11,"s:476:21:476:Infinity":90,"s:478:35:483:Infinity":91,"b:485:4:487:Infinity:undefined:undefined:undefined:undefined":40,"s:485:4:487:Infinity":92,"s:486:6:486:Infinity":93,"s:489:4:503:Infinity":94,"b:489:12:489:21:489:21:489:25":41,"f:489:29:489:30":12,"s:489:45:503:6":95,"b:498:52:498:89:498:89:498:Infinity":42,"b:500:25:500:52:500:52:500:Infinity":43,"f:512:15:512:29":13,"s:513:21:513:Infinity":96,"s:515:28:515:Infinity":97,"s:517:21:522:Infinity":98,"s:524:4:524:Infinity":99,"f:532:9:532:44":14,"s:533:4:533:Infinity":100}}}
,"/Users/gustavo/Desktop/zona-app/zona-gol/app/api/agent/core/llm.service.ts": {"path":"/Users/gustavo/Desktop/zona-app/zona-gol/app/api/agent/core/llm.service.ts","statementMap":{"0":{"start":{"line":48,"column":73},"end":{"line":83,"column":null}},"1":{"start":{"line":87,"column":2},"end":{"line":87,"column":null}},"2":{"start":{"line":88,"column":2},"end":{"line":88,"column":null}},"3":{"start":{"line":92,"column":4},"end":{"line":92,"column":null}},"4":{"start":{"line":96,"column":4},"end":{"line":96,"column":null}},"5":{"start":{"line":100,"column":4},"end":{"line":100,"column":null}},"6":{"start":{"line":112,"column":22},"end":{"line":112,"column":null}},"7":{"start":{"line":123,"column":8},"end":{"line":123,"column":null}},"8":{"start":{"line":125,"column":4},"end":{"line":125,"column":null}},"9":{"start":{"line":128,"column":44},"end":{"line":133,"column":null}},"10":{"start":{"line":136,"column":26},"end":{"line":136,"column":null}},"11":{"start":{"line":137,"column":4},"end":{"line":137,"column":null}},"12":{"start":{"line":140,"column":4},"end":{"line":150,"column":null}},"13":{"start":{"line":141,"column":29},"end":{"line":141,"column":null}},"14":{"start":{"line":142,"column":6},"end":{"line":142,"column":null}},"15":{"start":{"line":143,"column":6},"end":{"line":143,"column":null}},"16":{"start":{"line":144,"column":6},"end":{"line":147,"column":null}},"17":{"start":{"line":149,"column":6},"end":{"line":149,"column":null}},"18":{"start":{"line":153,"column":4},"end":{"line":156,"column":null}},"19":{"start":{"line":159,"column":4},"end":{"line":188,"column":null}},"20":{"start":{"line":160,"column":21},"end":{"line":164,"column":null}},"21":{"start":{"line":166,"column":24},"end":{"line":166,"column":null}},"22":{"start":{"line":168,"column":6},"end":{"line":170,"column":null}},"23":{"start":{"line":172,"column":6},"end":{"line":175,"column":null}},"24":{"start":{"line":177,"column":6},"end":{"line":177,"column":null}},"25":{"start":{"line":180,"column":6},"end":{"line":187,"column":null}},"26":{"start":{"line":206,"column":19},"end":{"line":206,"column":null}},"27":{"start":{"line":208,"column":4},"end":{"line":210,"column":null}},"28":{"start":{"line":209,"column":6},"end":{"line":209,"column":null}},"29":{"start":{"line":212,"column":19},"end":{"line":212,"column":null}},"30":{"start":{"line":213,"column":4},"end":{"line":213,"column":null}},"31":{"start":{"line":215,"column":21},"end":{"line":230,"column":null}},"32":{"start":{"line":232,"column":4},"end":{"line":237,"column":null}},"33":{"start":{"line":233,"column":20},"end":{"line":233,"column":null}},"34":{"start":{"line":234,"column":6},"end":{"line":236,"column":null}},"35":{"start":{"line":239,"column":19},"end":{"line":239,"column":null}},"36":{"start":{"line":241,"column":4},"end":{"line":243,"column":null}},"37":{"start":{"line":242,"column":6},"end":{"line":242,"column":null}},"38":{"start":{"line":245,"column":19},"end":{"line":245,"column":null}},"39":{"start":{"line":246,"column":17},"end":{"line":246,"column":null}},"40":{"start":{"line":247,"column":25},"end":{"line":247,"column":null}},"41":{"start":{"line":250,"column":25},"end":{"line":250,"column":null}},"42":{"start":{"line":251,"column":29},"end":{"line":251,"column":null}},"43":{"start":{"line":252,"column":24},"end":{"line":252,"column":null}},"44":{"start":{"line":254,"column":20},"end":{"line":256,"column":null}},"45":{"start":{"line":259,"column":7},"end":{"line":260,"column":null}},"46":{"start":{"line":262,"column":4},"end":{"line":268,"column":null}},"47":{"start":{"line":283,"column":24},"end":{"line":283,"column":null}},"48":{"start":{"line":284,"column":4},"end":{"line":289,"column":null}},"49":{"start":{"line":285,"column":6},"end":{"line":285,"column":null}},"50":{"start":{"line":286,"column":6},"end":{"line":288,"column":null}},"51":{"start":{"line":287,"column":8},"end":{"line":287,"column":null}},"52":{"start":{"line":291,"column":23},"end":{"line":314,"column":null}},"53":{"start":{"line":328,"column":4},"end":{"line":328,"column":null}},"54":{"start":{"line":335,"column":49},"end":{"line":341,"column":null}},"55":{"start":{"line":343,"column":4},"end":{"line":343,"column":null}},"56":{"start":{"line":350,"column":49},"end":{"line":405,"column":null}},"57":{"start":{"line":407,"column":4},"end":{"line":407,"column":null}},"58":{"start":{"line":414,"column":4},"end":{"line":416,"column":null}},"59":{"start":{"line":415,"column":6},"end":{"line":415,"column":null}},"60":{"start":{"line":418,"column":4},"end":{"line":420,"column":null}},"61":{"start":{"line":419,"column":6},"end":{"line":419,"column":null}},"62":{"start":{"line":422,"column":4},"end":{"line":422,"column":null}},"63":{"start":{"line":438,"column":18},"end":{"line":438,"column":null}},"64":{"start":{"line":441,"column":28},"end":{"line":441,"column":null}},"65":{"start":{"line":442,"column":23},"end":{"line":442,"column":null}},"66":{"start":{"line":446,"column":4},"end":{"line":460,"column":null}},"67":{"start":{"line":447,"column":6},"end":{"line":447,"column":null}},"68":{"start":{"line":448,"column":6},"end":{"line":448,"column":null}},"69":{"start":{"line":449,"column":6},"end":{"line":449,"column":null}},"70":{"start":{"line":450,"column":6},"end":{"line":450,"column":null}},"71":{"start":{"line":451,"column":6},"end":{"line":451,"column":null}},"72":{"start":{"line":452,"column":6},"end":{"line":452,"column":null}},"73":{"start":{"line":459,"column":6},"end":{"line":459,"column":null}},"74":{"start":{"line":463,"column":4},"end":{"line":467,"column":null}},"75":{"start":{"line":464,"column":6},"end":{"line":464,"column":null}},"76":{"start":{"line":465,"column":6},"end":{"line":465,"column":null}},"77":{"start":{"line":466,"column":6},"end":{"line":466,"column":null}},"78":{"start":{"line":469,"column":4},"end":{"line":473,"column":null}},"79":{"start":{"line":470,"column":6},"end":{"line":470,"column":null}},"80":{"start":{"line":471,"column":6},"end":{"line":471,"column":null}},"81":{"start":{"line":472,"column":6},"end":{"line":472,"column":null}},"82":{"start":{"line":476,"column":4},"end":{"line":478,"column":null}},"83":{"start":{"line":477,"column":6},"end":{"line":477,"column":null}},"84":{"start":{"line":480,"column":4},"end":{"line":480,"column":null}},"85":{"start":{"line":488,"column":4},"end":{"line":488,"column":null}},"86":{"start":{"line":498,"column":46},"end":{"line":521,"column":null}},"87":{"start":{"line":523,"column":4},"end":{"line":523,"column":null}},"88":{"start":{"line":535,"column":4},"end":{"line":537,"column":null}},"89":{"start":{"line":536,"column":6},"end":{"line":536,"column":null}},"90":{"start":{"line":539,"column":25},"end":{"line":539,"column":null}},"91":{"start":{"line":539,"column":48},"end":{"line":539,"column":65}},"92":{"start":{"line":540,"column":30},"end":{"line":540,"column":null}},"93":{"start":{"line":540,"column":53},"end":{"line":540,"column":75}},"94":{"start":{"line":542,"column":18},"end":{"line":542,"column":null}},"95":{"start":{"line":544,"column":4},"end":{"line":546,"column":null}},"96":{"start":{"line":545,"column":6},"end":{"line":545,"column":null}},"97":{"start":{"line":548,"column":4},"end":{"line":548,"column":null}},"98":{"start":{"line":561,"column":29},"end":{"line":561,"column":null}},"99":{"start":{"line":564,"column":4},"end":{"line":566,"column":null}},"100":{"start":{"line":565,"column":6},"end":{"line":565,"column":null}},"101":{"start":{"line":569,"column":4},"end":{"line":571,"column":null}},"102":{"start":{"line":570,"column":6},"end":{"line":570,"column":null}},"103":{"start":{"line":574,"column":4},"end":{"line":576,"column":null}},"104":{"start":{"line":575,"column":6},"end":{"line":575,"column":null}},"105":{"start":{"line":579,"column":4},"end":{"line":581,"column":null}},"106":{"start":{"line":580,"column":6},"end":{"line":580,"column":null}},"107":{"start":{"line":583,"column":4},"end":{"line":586,"column":null}},"108":{"start":{"line":601,"column":34},"end":{"line":601,"column":null}},"109":{"start":{"line":602,"column":38},"end":{"line":602,"column":null}},"110":{"start":{"line":604,"column":20},"end":{"line":604,"column":null}},"111":{"start":{"line":606,"column":4},"end":{"line":608,"column":null}},"112":{"start":{"line":622,"column":4},"end":{"line":645,"column":null}},"113":{"start":{"line":623,"column":21},"end":{"line":633,"column":null}},"114":{"start":{"line":635,"column":6},"end":{"line":638,"column":null}},"115":{"start":{"line":640,"column":6},"end":{"line":644,"column":null}}},"fnMap":{"0":{"name":"(anonymous_0)","decl":{"start":{"line":91,"column":21},"end":{"line":91,"column":45}},"loc":{"start":{"line":91,"column":45},"end":{"line":93,"column":null}},"line":91},"1":{"name":"(anonymous_1)","decl":{"start":{"line":95,"column":21},"end":{"line":95,"column":44}},"loc":{"start":{"line":95,"column":44},"end":{"line":97,"column":null}},"line":95},"2":{"name":"(anonymous_2)","decl":{"start":{"line":99,"column":21},"end":{"line":99,"column":51}},"loc":{"start":{"line":99,"column":51},"end":{"line":101,"column":null}},"line":99},"3":{"name":"(anonymous_3)","decl":{"start":{"line":109,"column":15},"end":{"line":109,"column":null}},"loc":{"start":{"line":111,"column":24},"end":{"line":189,"column":null}},"line":111},"4":{"name":"(anonymous_4)","decl":{"start":{"line":198,"column":23},"end":{"line":198,"column":null}},"loc":{"start":{"line":205,"column":43},"end":{"line":269,"column":null}},"line":205},"5":{"name":"(anonymous_5)","decl":{"start":{"line":278,"column":17},"end":{"line":278,"column":null}},"loc":{"start":{"line":281,"column":12},"end":{"line":329,"column":null}},"line":281},"6":{"name":"(anonymous_6)","decl":{"start":{"line":334,"column":17},"end":{"line":334,"column":36}},"loc":{"start":{"line":334,"column":59},"end":{"line":344,"column":null}},"line":334},"7":{"name":"(anonymous_7)","decl":{"start":{"line":349,"column":17},"end":{"line":349,"column":47}},"loc":{"start":{"line":349,"column":71},"end":{"line":408,"column":null}},"line":349},"8":{"name":"(anonymous_8)","decl":{"start":{"line":413,"column":17},"end":{"line":413,"column":35}},"loc":{"start":{"line":413,"column":58},"end":{"line":423,"column":null}},"line":413},"9":{"name":"(anonymous_9)","decl":{"start":{"line":433,"column":17},"end":{"line":433,"column":null}},"loc":{"start":{"line":437,"column":12},"end":{"line":489,"column":null}},"line":437},"10":{"name":"(anonymous_10)","decl":{"start":{"line":497,"column":17},"end":{"line":497,"column":37}},"loc":{"start":{"line":497,"column":61},"end":{"line":524,"column":null}},"line":497},"11":{"name":"(anonymous_11)","decl":{"start":{"line":532,"column":9},"end":{"line":532,"column":null}},"loc":{"start":{"line":534,"column":12},"end":{"line":549,"column":null}},"line":534},"12":{"name":"(anonymous_12)","decl":{"start":{"line":539,"column":41},"end":{"line":539,"column":42}},"loc":{"start":{"line":539,"column":48},"end":{"line":539,"column":65}},"line":539},"13":{"name":"(anonymous_13)","decl":{"start":{"line":540,"column":46},"end":{"line":540,"column":47}},"loc":{"start":{"line":540,"column":53},"end":{"line":540,"column":75}},"line":540},"14":{"name":"(anonymous_14)","decl":{"start":{"line":557,"column":9},"end":{"line":557,"column":26}},"loc":{"start":{"line":560,"column":4},"end":{"line":587,"column":null}},"line":560},"15":{"name":"(anonymous_15)","decl":{"start":{"line":596,"column":9},"end":{"line":596,"column":null}},"loc":{"start":{"line":599,"column":12},"end":{"line":610,"column":null}},"line":599},"16":{"name":"(anonymous_16)","decl":{"start":{"line":617,"column":15},"end":{"line":617,"column":null}},"loc":{"start":{"line":621,"column":5},"end":{"line":646,"column":null}},"line":621}},"branchMap":{"0":{"loc":{"start":{"line":92,"column":11},"end":{"line":92,"column":null}},"type":"binary-expr","locations":[{"start":{"line":92,"column":11},"end":{"line":92,"column":36}},{"start":{"line":92,"column":36},"end":{"line":92,"column":null}}],"line":92},"1":{"loc":{"start":{"line":96,"column":11},"end":{"line":96,"column":null}},"type":"binary-expr","locations":[{"start":{"line":96,"column":11},"end":{"line":96,"column":43}},{"start":{"line":96,"column":43},"end":{"line":96,"column":null}}],"line":96},"2":{"loc":{"start":{"line":100,"column":11},"end":{"line":100,"column":null}},"type":"binary-expr","locations":[{"start":{"line":100,"column":11},"end":{"line":100,"column":38}},{"start":{"line":100,"column":38},"end":{"line":100,"column":66}},{"start":{"line":100,"column":66},"end":{"line":100,"column":null}}],"line":100},"3":{"loc":{"start":{"line":120,"column":6},"end":{"line":120,"column":null}},"type":"default-arg","locations":[{"start":{"line":120,"column":28},"end":{"line":120,"column":null}}],"line":120},"4":{"loc":{"start":{"line":121,"column":6},"end":{"line":121,"column":null}},"type":"default-arg","locations":[{"start":{"line":121,"column":20},"end":{"line":121,"column":null}}],"line":121},"5":{"loc":{"start":{"line":122,"column":6},"end":{"line":122,"column":null}},"type":"default-arg","locations":[{"start":{"line":122,"column":18},"end":{"line":122,"column":null}}],"line":122},"6":{"loc":{"start":{"line":140,"column":4},"end":{"line":150,"column":null}},"type":"if","locations":[{"start":{"line":140,"column":4},"end":{"line":150,"column":null}},{"start":{"line":148,"column":11},"end":{"line":150,"column":null}}],"line":140},"7":{"loc":{"start":{"line":140,"column":8},"end":{"line":140,"column":34}},"type":"binary-expr","locations":[{"start":{"line":140,"column":8},"end":{"line":140,"column":22}},{"start":{"line":140,"column":22},"end":{"line":140,"column":34}}],"line":140},"8":{"loc":{"start":{"line":208,"column":4},"end":{"line":210,"column":null}},"type":"if","locations":[{"start":{"line":208,"column":4},"end":{"line":210,"column":null}},{"start":{},"end":{}}],"line":208},"9":{"loc":{"start":{"line":232,"column":4},"end":{"line":237,"column":null}},"type":"if","locations":[{"start":{"line":232,"column":4},"end":{"line":237,"column":null}},{"start":{},"end":{}}],"line":232},"10":{"loc":{"start":{"line":235,"column":29},"end":{"line":235,"column":72}},"type":"binary-expr","locations":[{"start":{"line":235,"column":29},"end":{"line":235,"column":53}},{"start":{"line":235,"column":53},"end":{"line":235,"column":72}}],"line":235},"11":{"loc":{"start":{"line":241,"column":4},"end":{"line":243,"column":null}},"type":"if","locations":[{"start":{"line":241,"column":4},"end":{"line":243,"column":null}},{"start":{},"end":{}}],"line":241},"12":{"loc":{"start":{"line":241,"column":8},"end":{"line":241,"column":56}},"type":"binary-expr","locations":[{"start":{"line":241,"column":8},"end":{"line":241,"column":27}},{"start":{"line":241,"column":27},"end":{"line":241,"column":56}}],"line":241},"13":{"loc":{"start":{"line":250,"column":25},"end":{"line":250,"column":null}},"type":"binary-expr","locations":[{"start":{"line":250,"column":25},"end":{"line":250,"column":56}},{"start":{"line":250,"column":56},"end":{"line":250,"column":null}}],"line":250},"14":{"loc":{"start":{"line":251,"column":29},"end":{"line":251,"column":null}},"type":"binary-expr","locations":[{"start":{"line":251,"column":29},"end":{"line":251,"column":64}},{"start":{"line":251,"column":64},"end":{"line":251,"column":null}}],"line":251},"15":{"loc":{"start":{"line":254,"column":20},"end":{"line":256,"column":null}},"type":"binary-expr","locations":[{"start":{"line":254,"column":20},"end":{"line":254,"column":null}},{"start":{"line":255,"column":20},"end":{"line":255,"column":null}},{"start":{"line":256,"column":20},"end":{"line":256,"column":null}}],"line":254},"16":{"loc":{"start":{"line":284,"column":4},"end":{"line":289,"column":null}},"type":"if","locations":[{"start":{"line":284,"column":4},"end":{"line":289,"column":null}},{"start":{},"end":{}}],"line":284},"17":{"loc":{"start":{"line":286,"column":6},"end":{"line":288,"column":null}},"type":"if","locations":[{"start":{"line":286,"column":6},"end":{"line":288,"column":null}},{"start":{},"end":{}}],"line":286},"18":{"loc":{"start":{"line":300,"column":12},"end":{"line":300,"column":45}},"type":"binary-expr","locations":[{"start":{"line":300,"column":12},"end":{"line":300,"column":36}},{"start":{"line":300,"column":36},"end":{"line":300,"column":45}}],"line":300},"19":{"loc":{"start":{"line":302,"column":11},"end":{"line":302,"column":74}},"type":"cond-expr","locations":[{"start":{"line":302,"column":45},"end":{"line":302,"column":58}},{"start":{"line":302,"column":58},"end":{"line":302,"column":74}}],"line":302},"20":{"loc":{"start":{"line":306,"column":2},"end":{"line":306,"column":318}},"type":"cond-expr","locations":[{"start":{"line":306,"column":24},"end":{"line":306,"column":239}},{"start":{"line":306,"column":239},"end":{"line":306,"column":318}}],"line":306},"21":{"loc":{"start":{"line":343,"column":11},"end":{"line":343,"column":null}},"type":"binary-expr","locations":[{"start":{"line":343,"column":11},"end":{"line":343,"column":45}},{"start":{"line":343,"column":45},"end":{"line":343,"column":null}}],"line":343},"22":{"loc":{"start":{"line":343,"column":24},"end":{"line":343,"column":40}},"type":"binary-expr","locations":[{"start":{"line":343,"column":24},"end":{"line":343,"column":32}},{"start":{"line":343,"column":32},"end":{"line":343,"column":40}}],"line":343},"23":{"loc":{"start":{"line":407,"column":11},"end":{"line":407,"column":null}},"type":"binary-expr","locations":[{"start":{"line":407,"column":11},"end":{"line":407,"column":35}},{"start":{"line":407,"column":35},"end":{"line":407,"column":null}}],"line":407},"24":{"loc":{"start":{"line":414,"column":4},"end":{"line":416,"column":null}},"type":"if","locations":[{"start":{"line":414,"column":4},"end":{"line":416,"column":null}},{"start":{},"end":{}}],"line":414},"25":{"loc":{"start":{"line":414,"column":8},"end":{"line":414,"column":59}},"type":"binary-expr","locations":[{"start":{"line":414,"column":8},"end":{"line":414,"column":34}},{"start":{"line":414,"column":34},"end":{"line":414,"column":59}}],"line":414},"26":{"loc":{"start":{"line":418,"column":4},"end":{"line":420,"column":null}},"type":"if","locations":[{"start":{"line":418,"column":4},"end":{"line":420,"column":null}},{"start":{},"end":{}}],"line":418},"27":{"loc":{"start":{"line":442,"column":23},"end":{"line":442,"column":null}},"type":"binary-expr","locations":[{"start":{"line":442,"column":23},"end":{"line":442,"column":37}},{"start":{"line":442,"column":37},"end":{"line":442,"column":null}}],"line":442},"28":{"loc":{"start":{"line":446,"column":4},"end":{"line":460,"column":null}},"type":"if","locations":[{"start":{"line":446,"column":4},"end":{"line":460,"column":null}},{"start":{},"end":{}}],"line":446},"29":{"loc":{"start":{"line":446,"column":8},"end":{"line":446,"column":66}},"type":"binary-expr","locations":[{"start":{"line":446,"column":8},"end":{"line":446,"column":35}},{"start":{"line":446,"column":35},"end":{"line":446,"column":54}},{"start":{"line":446,"column":54},"end":{"line":446,"column":66}}],"line":446},"30":{"loc":{"start":{"line":463,"column":4},"end":{"line":467,"column":null}},"type":"if","locations":[{"start":{"line":463,"column":4},"end":{"line":467,"column":null}},{"start":{},"end":{}}],"line":463},"31":{"loc":{"start":{"line":463,"column":8},"end":{"line":463,"column":40}},"type":"binary-expr","locations":[{"start":{"line":463,"column":8},"end":{"line":463,"column":22}},{"start":{"line":463,"column":22},"end":{"line":463,"column":40}}],"line":463},"32":{"loc":{"start":{"line":469,"column":4},"end":{"line":473,"column":null}},"type":"if","locations":[{"start":{"line":469,"column":4},"end":{"line":473,"column":null}},{"start":{},"end":{}}],"line":469},"33":{"loc":{"start":{"line":476,"column":4},"end":{"line":478,"column":null}},"type":"if","locations":[{"start":{"line":476,"column":4},"end":{"line":478,"column":null}},{"start":{},"end":{}}],"line":476},"34":{"loc":{"start":{"line":476,"column":8},"end":{"line":476,"column":39}},"type":"binary-expr","locations":[{"start":{"line":476,"column":8},"end":{"line":476,"column":27}},{"start":{"line":476,"column":27},"end":{"line":476,"column":39}}],"line":476},"35":{"loc":{"start":{"line":523,"column":11},"end":{"line":523,"column":null}},"type":"binary-expr","locations":[{"start":{"line":523,"column":11},"end":{"line":523,"column":32}},{"start":{"line":523,"column":32},"end":{"line":523,"column":null}}],"line":523},"36":{"loc":{"start":{"line":535,"column":4},"end":{"line":537,"column":null}},"type":"if","locations":[{"start":{"line":535,"column":4},"end":{"line":537,"column":null}},{"start":{},"end":{}}],"line":535},"37":{"loc":{"start":{"line":544,"column":4},"end":{"line":546,"column":null}},"type":"if","locations":[{"start":{"line":544,"column":4},"end":{"line":546,"column":null}},{"start":{},"end":{}}],"line":544},"38":{"loc":{"start":{"line":564,"column":4},"end":{"line":566,"column":null}},"type":"if","locations":[{"start":{"line":564,"column":4},"end":{"line":566,"column":null}},{"start":{},"end":{}}],"line":564},"39":{"loc":{"start":{"line":569,"column":4},"end":{"line":571,"column":null}},"type":"if","locations":[{"start":{"line":569,"column":4},"end":{"line":571,"column":null}},{"start":{},"end":{}}],"line":569},"40":{"loc":{"start":{"line":574,"column":4},"end":{"line":576,"column":null}},"type":"if","locations":[{"start":{"line":574,"column":4},"end":{"line":576,"column":null}},{"start":{},"end":{}}],"line":574},"41":{"loc":{"start":{"line":579,"column":4},"end":{"line":581,"column":null}},"type":"if","locations":[{"start":{"line":579,"column":4},"end":{"line":581,"column":null}},{"start":{},"end":{}}],"line":579},"42":{"loc":{"start":{"line":579,"column":8},"end":{"line":579,"column":96}},"type":"binary-expr","locations":[{"start":{"line":579,"column":8},"end":{"line":579,"column":50}},{"start":{"line":579,"column":50},"end":{"line":579,"column":96}}],"line":579},"43":{"loc":{"start":{"line":585,"column":14},"end":{"line":585,"column":null}},"type":"cond-expr","locations":[{"start":{"line":585,"column":34},"end":{"line":585,"column":43}},{"start":{"line":585,"column":43},"end":{"line":585,"column":null}}],"line":585},"44":{"loc":{"start":{"line":598,"column":4},"end":{"line":598,"column":null}},"type":"default-arg","locations":[{"start":{"line":598,"column":24},"end":{"line":598,"column":null}}],"line":598}},"s":{"0":1,"1":1,"2":1,"3":16,"4":10,"5":11,"6":6,"7":6,"8":6,"9":6,"10":6,"11":6,"12":6,"13":3,"14":3,"15":3,"16":3,"17":3,"18":6,"19":6,"20":6,"21":4,"22":4,"23":4,"24":2,"25":2,"26":11,"27":11,"28":1,"29":10,"30":10,"31":10,"32":8,"33":1,"34":1,"35":7,"36":7,"37":1,"38":6,"39":6,"40":6,"41":6,"42":11,"43":11,"44":11,"45":11,"46":11,"47":9,"48":9,"49":0,"50":0,"51":0,"52":9,"53":9,"54":9,"55":9,"56":9,"57":9,"58":9,"59":2,"60":7,"61":2,"62":5,"63":6,"64":6,"65":6,"66":6,"67":0,"68":0,"69":0,"70":0,"71":0,"72":0,"73":0,"74":6,"75":5,"76":5,"77":5,"78":6,"79":2,"80":2,"81":2,"82":6,"83":0,"84":6,"85":6,"86":5,"87":5,"88":2,"89":1,"90":1,"91":3,"92":1,"93":3,"94":1,"95":1,"96":1,"97":1,"98":5,"99":5,"100":1,"101":5,"102":1,"103":5,"104":1,"105":5,"106":1,"107":5,"108":5,"109":5,"110":5,"111":5,"112":2,"113":2,"114":1,"115":1},"f":{"0":1,"1":1,"2":1,"3":1,"4":1,"5":1,"6":1,"7":1,"8":1,"9":1,"10":1,"11":1,"12":3,"13":3,"14":1,"15":1,"16":1},"b":{"0":[16,16],"1":[10,10],"2":[11,11,11],"3":[6],"4":[6],"5":[6],"6":[3,3],"7":[6,6],"8":[1,10],"9":[1,7],"10":[1,0],"11":[1,6],"12":[7,7],"13":[6,0],"14":[11,0],"15":[11,0,0],"16":[0,9],"17":[0,0],"18":[9,5],"19":[7,2],"20":[0,9],"21":[9,0],"22":[9,4],"23":[9,0],"24":[2,7],"25":[9,9],"26":[2,5],"27":[6,2],"28":[0,6],"29":[6,0,0],"30":[5,1],"31":[6,5],"32":[2,4],"33":[0,6],"34":[6,0],"35":[5,0],"36":[1,1],"37":[1,0],"38":[1,4],"39":[1,4],"40":[1,4],"41":[1,4],"42":[5,4],"43":[4,1],"44":[5]},"meta":{"lastBranch":45,"lastFunction":17,"lastStatement":116,"seen":{"s:48:73:83:Infinity":0,"s:87:2:87:Infinity":1,"s:88:2:88:Infinity":2,"f:91:21:91:45":0,"s:92:4:92:Infinity":3,"b:92:11:92:36:92:36:92:Infinity":0,"f:95:21:95:44":1,"s:96:4:96:Infinity":4,"b:96:11:96:43:96:43:96:Infinity":1,"f:99:21:99:51":2,"s:100:4:100:Infinity":5,"b:100:11:100:38:100:38:100:66:100:66:100:Infinity":2,"f:109:15:109:Infinity":3,"s:112:22:112:Infinity":6,"s:123:8:123:Infinity":7,"b:120:28:120:Infinity":3,"b:121:20:121:Infinity":4,"b:122:18:122:Infinity":5,"s:125:4:125:Infinity":8,"s:128:44:133:Infinity":9,"s:136:26:136:Infinity":10,"s:137:4:137:Infinity":11,"b:140:4:150:Infinity:148:11:150:Infinity":6,"s:140:4:150:Infinity":12,"b:140:8:140:22:140:22:140:34":7,"s:141:29:141:Infinity":13,"s:142:6:142:Infinity":14,"s:143:6:143:Infinity":15,"s:144:6:147:Infinity":16,"s:149:6:149:Infinity":17,"s:153:4:156:Infinity":18,"s:159:4:188:Infinity":19,"s:160:21:164:Infinity":20,"s:166:24:166:Infinity":21,"s:168:6:170:Infinity":22,"s:172:6:175:Infinity":23,"s:177:6:177:Infinity":24,"s:180:6:187:Infinity":25,"f:198:23:198:Infinity":4,"s:206:19:206:Infinity":26,"b:208:4:210:Infinity:undefined:undefined:undefined:undefined":8,"s:208:4:210:Infinity":27,"s:209:6:209:Infinity":28,"s:212:19:212:Infinity":29,"s:213:4:213:Infinity":30,"s:215:21:230:Infinity":31,"b:232:4:237:Infinity:undefined:undefined:undefined:undefined":9,"s:232:4:237:Infinity":32,"s:233:20:233:Infinity":33,"s:234:6:236:Infinity":34,"b:235:29:235:53:235:53:235:72":10,"s:239:19:239:Infinity":35,"b:241:4:243:Infinity:undefined:undefined:undefined:undefined":11,"s:241:4:243:Infinity":36,"b:241:8:241:27:241:27:241:56":12,"s:242:6:242:Infinity":37,"s:245:19:245:Infinity":38,"s:246:17:246:Infinity":39,"s:247:25:247:Infinity":40,"s:250:25:250:Infinity":41,"b:250:25:250:56:250:56:250:Infinity":13,"s:251:29:251:Infinity":42,"b:251:29:251:64:251:64:251:Infinity":14,"s:252:24:252:Infinity":43,"s:254:20:256:Infinity":44,"b:254:20:254:Infinity:255:20:255:Infinity:256:20:256:Infinity":15,"s:259:7:260:Infinity":45,"s:262:4:268:Infinity":46,"f:278:17:278:Infinity":5,"s:283:24:283:Infinity":47,"b:284:4:289:Infinity:undefined:undefined:undefined:undefined":16,"s:284:4:289:Infinity":48,"s:285:6:285:Infinity":49,"b:286:6:288:Infinity:undefined:undefined:undefined:undefined":17,"s:286:6:288:Infinity":50,"s:287:8:287:Infinity":51,"s:291:23:314:Infinity":52,"b:300:12:300:36:300:36:300:45":18,"b:302:45:302:58:302:58:302:74":19,"b:306:24:306:239:306:239:306:318":20,"s:328:4:328:Infinity":53,"f:334:17:334:36":6,"s:335:49:341:Infinity":54,"s:343:4:343:Infinity":55,"b:343:11:343:45:343:45:343:Infinity":21,"b:343:24:343:32:343:32:343:40":22,"f:349:17:349:47":7,"s:350:49:405:Infinity":56,"s:407:4:407:Infinity":57,"b:407:11:407:35:407:35:407:Infinity":23,"f:413:17:413:35":8,"b:414:4:416:Infinity:undefined:undefined:undefined:undefined":24,"s:414:4:416:Infinity":58,"b:414:8:414:34:414:34:414:59":25,"s:415:6:415:Infinity":59,"b:418:4:420:Infinity:undefined:undefined:undefined:undefined":26,"s:418:4:420:Infinity":60,"s:419:6:419:Infinity":61,"s:422:4:422:Infinity":62,"f:433:17:433:Infinity":9,"s:438:18:438:Infinity":63,"s:441:28:441:Infinity":64,"s:442:23:442:Infinity":65,"b:442:23:442:37:442:37:442:Infinity":27,"b:446:4:460:Infinity:undefined:undefined:undefined:undefined":28,"s:446:4:460:Infinity":66,"b:446:8:446:35:446:35:446:54:446:54:446:66":29,"s:447:6:447:Infinity":67,"s:448:6:448:Infinity":68,"s:449:6:449:Infinity":69,"s:450:6:450:Infinity":70,"s:451:6:451:Infinity":71,"s:452:6:452:Infinity":72,"s:459:6:459:Infinity":73,"b:463:4:467:Infinity:undefined:undefined:undefined:undefined":30,"s:463:4:467:Infinity":74,"b:463:8:463:22:463:22:463:40":31,"s:464:6:464:Infinity":75,"s:465:6:465:Infinity":76,"s:466:6:466:Infinity":77,"b:469:4:473:Infinity:undefined:undefined:undefined:undefined":32,"s:469:4:473:Infinity":78,"s:470:6:470:Infinity":79,"s:471:6:471:Infinity":80,"s:472:6:472:Infinity":81,"b:476:4:478:Infinity:undefined:undefined:undefined:undefined":33,"s:476:4:478:Infinity":82,"b:476:8:476:27:476:27:476:39":34,"s:477:6:477:Infinity":83,"s:480:4:480:Infinity":84,"s:488:4:488:Infinity":85,"f:497:17:497:37":10,"s:498:46:521:Infinity":86,"s:523:4:523:Infinity":87,"b:523:11:523:32:523:32:523:Infinity":35,"f:532:9:532:Infinity":11,"b:535:4:537:Infinity:undefined:undefined:undefined:undefined":36,"s:535:4:537:Infinity":88,"s:536:6:536:Infinity":89,"s:539:25:539:Infinity":90,"f:539:41:539:42":12,"s:539:48:539:65":91,"s:540:30:540:Infinity":92,"f:540:46:540:47":13,"s:540:53:540:75":93,"s:542:18:542:Infinity":94,"b:544:4:546:Infinity:undefined:undefined:undefined:undefined":37,"s:544:4:546:Infinity":95,"s:545:6:545:Infinity":96,"s:548:4:548:Infinity":97,"f:557:9:557:26":14,"s:561:29:561:Infinity":98,"b:564:4:566:Infinity:undefined:undefined:undefined:undefined":38,"s:564:4:566:Infinity":99,"s:565:6:565:Infinity":100,"b:569:4:571:Infinity:undefined:undefined:undefined:undefined":39,"s:569:4:571:Infinity":101,"s:570:6:570:Infinity":102,"b:574:4:576:Infinity:undefined:undefined:undefined:undefined":40,"s:574:4:576:Infinity":103,"s:575:6:575:Infinity":104,"b:579:4:581:Infinity:undefined:undefined:undefined:undefined":41,"s:579:4:581:Infinity":105,"b:5
[...]
":3,"39":3,"40":0,"41":3,"42":3,"43":3,"44":1,"45":1,"46":2,"47":3,"48":3,"49":3,"50":3,"51":3,"52":3,"53":3,"54":2,"55":2,"56":1,"57":1,"58":1,"59":3,"60":3,"61":3,"62":2,"63":2,"64":2,"65":2,"66":0,"67":2,"68":2,"69":3,"70":3,"71":3,"72":3,"73":3,"74":2,"75":3,"76":3,"77":3,"78":3,"79":3,"80":3,"81":3,"82":3,"83":3,"84":2,"85":2,"86":2,"87":1,"88":0,"89":0,"90":0,"91":1,"92":1,"93":1,"94":1,"95":3,"96":3,"97":2,"98":5,"99":3,"100":2,"101":2,"102":0,"103":2,"104":5,"105":2,"106":2,"107":2,"108":2,"109":2,"110":2,"111":2,"112":1,"113":2,"114":2,"115":0,"116":2,"117":1,"118":2,"119":2,"120":2,"121":2,"122":2,"123":2,"124":2,"125":2,"126":0,"127":2,"128":2,"129":2,"130":2,"131":2,"132":2,"133":2,"134":2,"135":2,"136":1,"137":1,"138":1,"139":1,"140":1,"141":0,"142":1,"143":1,"144":0,"145":1,"146":1,"147":2,"148":2,"149":3,"150":1,"151":2,"152":2,"153":2,"154":1,"155":1,"156":1,"157":1,"158":1,"159":2,"160":2,"161":0,"162":2,"163":2,"164":2,"165":2,"166":2,"167":2,"168":2,"169":0,"170":2,"171":2,"172":2,"173":2,"174":1,"175":2,"176":2},"f":{"0":1,"1":1,"2":1,"3":0,"4":1,"5":3,"6":2,"7":1,"8":1,"9":1,"10":3,"11":5,"12":5,"13":1,"14":1,"15":1,"16":2,"17":1,"18":1,"19":1,"20":2,"21":1,"22":2,"23":1,"24":2},"b":{"0":[0,3],"1":[1,2],"2":[2,0],"3":[1,0],"4":[1,0],"5":[1,0],"6":[0,1],"7":[0,1],"8":[1,0],"9":[0,0],"10":[0,0],"11":[0,0],"12":[3],"13":[3],"14":[0,3],"15":[1,2],"16":[0,3],"17":[3,0],"18":[3,0],"19":[3,0],"20":[0,3],"21":[1,2],"22":[2,1],"23":[2,1],"24":[1,0],"25":[1,0],"26":[1,0],"27":[1,0],"28":[1,0],"29":[1,0],"30":[1,0],"31":[1,0],"32":[1,0],"33":[0,2],"34":[2,0],"35":[3,0],"36":[3,0],"37":[2,1],"38":[2,0],"39":[3,0],"40":[3,0],"41":[2,1],"42":[0,1],"43":[3,2],"44":[2,0],"45":[1,1],"46":[0,2],"47":[2,0],"48":[1,0],"49":[1,0],"50":[1,0],"51":[2],"52":[0,2],"53":[2,0],"54":[2,0],"55":[2,0],"56":[2,0],"57":[2,0],"58":[2,0],"59":[2,0],"60":[2,2],"61":[2,0],"62":[2],"63":[1,1],"64":[2,2,2],"65":[0,1],"66":[0,1],"67":[1,0],"68":[1,0],"69":[1,0],"70":[0,1],"71":[1,2],"72":[1,1],"73":[1,0],"74":[0,2],"75":[1,1],"76":[0,2],"77":[1,1]},"meta":{"lastBranch":78,"lastFunction":25,"lastStatement":177,"seen":{"f:89:15:89:Infinity":0,"s:94:22:94:Infinity":0,"s:95:21:95:Infinity":1,"s:97:4:97:Infinity":2,"b:101:4:112:Infinity:undefined:undefined:undefined:undefined":0,"s:101:4:112:Infinity":3,"s:102:6:102:Infinity":4,"s:103:6:111:Infinity":5,"s:114:28:133:Infinity":6,"b:135:4:137:Infinity:undefined:undefined:undefined:undefined":1,"s:135:4:137:Infinity":7,"s:136:6:136:Infinity":8,"s:139:10:150:Infinity":9,"b:139:34:139:42:139:42:139:46":2,"f:139:50:139:51":1,"s:139:67:150:6":10,"b:142:16:142:41:142:41:142:Infinity":3,"b:143:16:143:41:143:41:143:Infinity":4,"b:149:34:149:67:149:67:149:Infinity":5,"s:152:26:152:Infinity":11,"s:154:4:154:Infinity":12,"s:156:4:164:Infinity":13,"f:174:15:174:Infinity":2,"s:178:22:178:Infinity":14,"s:179:21:179:Infinity":15,"s:181:10:181:Infinity":16,"s:183:4:183:Infinity":17,"b:185:4:196:Infinity:undefined:undefined:undefined:undefined":6,"s:185:4:196:Infinity":18,"s:186:6:186:Infinity":19,"s:187:6:195:Infinity":20,"s:199:28:218:Infinity":21,"b:220:4:222:Infinity:undefined:undefined:undefined:undefined":7,"s:220:4:222:Infinity":22,"s:221:6:221:Infinity":23,"s:224:10:235:Infinity":24,"b:224:34:224:42:224:42:224:46":8,"f:224:50:224:51":3,"s:224:67:235:6":25,"b:227:16:227:41:227:41:227:Infinity":9,"b:228:16:228:41:228:41:228:Infinity":10,"b:234:34:234:67:234:67:234:Infinity":11,"s:237:26:237:Infinity":26,"s:239:4:247:Infinity":27,"f:257:15:257:Infinity":4,"b:264:8:264:Infinity":12,"s:266:22:266:Infinity":28,"s:267:21:267:Infinity":29,"s:269:60:269:Infinity":30,"b:269:39:269:43":13,"s:271:4:271:Infinity":31,"b:273:4:284:Infinity:undefined:undefined:undefined:undefined":14,"s:273:4:284:Infinity":32,"s:274:6:274:Infinity":33,"s:275:6:283:Infinity":34,"s:286:16:305:Infinity":35,"b:307:4:309:Infinity:undefined:undefined:undefined:undefined":15,"s:307:4:309:Infinity":36,"s:308:6:308:Infinity":37,"s:311:28:311:Infinity":38,"b:313:4:315:Infinity:undefined:undefined:undefined:undefined":16,"s:313:4:315:Infinity":39,"s:314:6:314:Infinity":40,"s:317:8:328:Infinity":41,"b:317:32:317:40:317:40:317:44":17,"f:317:48:317:49":5,"s:317:65:328:6":42,"b:320:16:320:41:320:41:320:Infinity":18,"b:321:16:321:41:321:41:321:Infinity":19,"b:327:34:327:67:327:67:327:Infinity":20,"b:331:4:338:Infinity:undefined:undefined:undefined:undefined":21,"s:331:4:338:Infinity":43,"s:332:33:332:Infinity":44,"s:333:6:337:Infinity":45,"f:334:8:334:9":6,"s:335:10:336:Infinity":46,"b:335:10:335:Infinity:336:10:336:Infinity":22,"s:340:26:340:Infinity":47,"s:342:4:350:Infinity":48,"f:360:15:360:Infinity":7,"s:364:22:364:Infinity":49,"s:365:21:365:Infinity":50,"s:367:4:367:Infinity":51,"s:371:28:374:Infinity":52,"b:376:4:380:Infinity:undefined:undefined:undefined:undefined":23,"s:376:4:380:Infinity":53,"s:378:6:378:Infinity":54,"s:379:6:379:Infinity":55,"s:382:20:382:Infinity":56,"s:383:10:395:Infinity":57,"b:383:39:383:50:383:50:383:54":24,"f:383:58:383:59":8,"s:383:88:395:6":58,"b:387:14:387:28:387:28:387:Infinity":25,"b:388:11:388:22:388:22:388:Infinity":26,"b:389:13:389:26:389:26:389:Infinity":27,"b:390:12:390:24:390:24:390:Infinity":28,"b:391:16:391:33:391:33:391:Infinity":29,"b:392:20:392:41:392:41:392:Infinity":30,"b:393:22:393:45:393:45:393:Infinity":31,"b:394:14:394:28:394:28:394:Infinity":32,"s:397:26:397:Infinity":59,"s:399:4:399:Infinity":60,"s:401:4:409:Infinity":61,"f:415:23:415:Infinity":9,"s:419:22:419:Infinity":62,"s:420:21:420:Infinity":63,"s:424:37:436:Infinity":64,"b:438:4:440:Infinity:undefined:undefined:undefined:undefined":33,"s:438:4:440:Infinity":65,"s:439:6:439:Infinity":66,"s:443:52:443:Infinity":67,"s:445:4:510:Infinity":68,"b:445:5:445:16:445:16:445:20":34,"f:445:28:445:29":10,"s:446:25:446:Infinity":69,"s:447:25:447:Infinity":70,"s:448:24:448:Infinity":71,"b:448:24:448:44:448:44:448:Infinity":35,"s:449:24:449:Infinity":72,"b:449:24:449:44:449:44:449:Infinity":36,"b:452:6:466:Infinity:undefined:undefined:undefined:undefined":37,"s:452:6:466:Infinity":73,"s:453:8:465:Infinity":74,"b:455:20:455:45:455:45:455:Infinity":38,"b:467:6:481:Infinity:undefined:undefined:undefined:undefined":39,"s:467:6:481:Infinity":75,"s:468:8:480:Infinity":76,"b:470:20:470:45:470:45:470:Infinity":40,"s:484:6:484:Infinity":77,"s:485:6:485:Infinity":78,"s:486:6:486:Infinity":79,"s:487:6:487:Infinity":80,"s:488:6:488:Infinity":81,"s:489:6:489:Infinity":82,"b:491:6:504:Infinity:495:6:504:Infinity":41,"s:491:6:504:Infinity":83,"s:492:8:492:Infinity":84,"s:493:8:493:Infinity":85,"s:494:8:494:Infinity":86,"b:495:6:504:Infinity:499:13:504:Infinity":42,"s:495:6:504:Infinity":87,"s:496:8:496:Infinity":88,"s:497:8:497:Infinity":89,"s:498:8:498:Infinity":90,"s:500:8:500:Infinity":91,"s:501:8:501:Infinity":92,"s:502:8:502:Infinity":93,"s:503:8:503:Infinity":94,"s:506:6:507:Infinity":95,"s:508:6:509:Infinity":96,"s:513:22:518:Infinity":97,"f:513:52:513:53":11,"b:514:6:514:Infinity:undefined:undefined:undefined:undefined":43,"s:514:6:514:Infinity":98,"s:514:33:514:Infinity":99,"b:515:6:516:Infinity:undefined:undefined:undefined:undefined":44,"s:515:6:516:Infinity":100,"s:516:8:516:Infinity":101,"s:517:6:517:Infinity":102,"s:521:4:523:Infinity":103,"f:521:22:521:23":12,"s:522:6:522:Infinity":104,"s:525:26:525:Infinity":105,"s:527:4:535:Infinity":106,"f:545:15:545:Infinity":13,"s:549:22:549:Infinity":107,"s:550:21:550:Infinity":108,"s:552:4:552:Infinity":109,"s:554:16:566:Infinity":110,"b:568:4:570:Infinity:undefined:undefined:undefined:undefined":45,"s:568:4:570:Infinity":111,"s:569:6:569:Infinity":112,"s:572:28:572:Infinity":113,"b:574:4:576:Infinity:undefined:undefined:undefined:undefined":46,"s:574:4:576:Infinity":114,"s:575:6:575:Infinity":115,"s:578:10:586:Infinity":116,"b:578:43:578:51:578:51:578:55":47,"f:578:59:578:60":14,"s:578:81:586:6":117,"b:579:16:579:41:579:41:579:Infinity":48,"b:580:18:580:45:580:45:580:Infinity":49,"b:581:16:581:49:581:49:581:Infinity":50,"s:588:26:588:Infinity":118,"s:590:4:590:Infinity":119,"s:592:4:600:Infinity":120,"f:611:15:611:Infinity":15,"b:614:20:614:Infinity":51,"s:616:22:616:Infinity":121,"s:617:21:617:Infinity":122,"s:619:4:619:Infinity":123,"s:621:28:637:Infinity":124,"b:639:4:641:Infinity:undefined:undefined:undefined:undefined":52,"s:639:4:641:Infinity":125,"s:640:6:640:Infinity":126,"s:643:10:652:Infinity":127,"b:643:40:643:48:643:48:643:52":53,"f:643:56:643:57":16,"s:643:72:652:6":128,"b:644:16:644:35:644:35:644:Infinity":54,"b:645:18:645:39:645:39:645:Infinity":55,"b:646:16:646:43:646:43:646:Infinity":56,"b:647:13:647:27:647:27:647:Infinity":57,"b:648:15:648:31:648:31:648:Infinity":58,"b:649:19:649:40:649:40:649:Infinity":59,"b:650:16:650:34:650:34:650:Infinity":60,"b:651:21:651:44:651:44:651:Infinity":61,"s:654:26:654:Infinity":129,"s:656:4:664:Infinity":130,"f:675:15:675:Infinity":17,"b:678:20:678:Infinity":62,"s:681:22:681:Infinity":131,"s:682:21:682:Infinity":132,"s:684:4:684:Infinity":133,"s:687:46:692:Infinity":134,"b:694:4:704:Infinity:undefined:undefined:undefined:undefined":63,"s:694:4:704:Infinity":135,"b:694:8:694:21:694:21:694:31:694:31:694:51":64,"s:695:6:703:Infinity":136,"s:706:22:706:Infinity":137,"s:707:19:707:Infinity":138,"s:710:16:730:Infinity":139,"b:732:4:734:Infinity:undefined:undefined:undefined:undefined":65,"s:732:4:734:Infinity":140,"s:733:6:733:Infinity":141,"s:736:28:736:Infinity":142,"b:738:4:740:Infinity:undefined:undefined:undefined:undefined":66,"s:738:4:740:Infinity":143,"s:739:6:739:Infinity":144,"s:742:10:753:Infinity":145,"b:742:34:742:42:742:42:742:46":67,"f:742:50:742:51":18,"s:742:67:753:6":146,"b:745:16:745:41:745:41:745:Infinity":68,"b:746:16:746:41:746:41:746:Infinity":69,"b:752:34:752:67:752:67:752:Infinity":70,"s:755:26:755:Infinity":147,"s:757:4:765:Infinity":148,"f:774:9:774:29":19,"b:775:4:777:Infinity:undefined:undefined:undefined:undefined":71,"s:775:4:777:Infinity":149,"s:776:6:776:Infinity":150,"s:779:20:779:Infinity":151,"s:781:4:791:Infinity":152,"f:781:20:781:21":20,"b:782:6:790:Infinity:784:13:790:Infinity":72,"s:782:6:790:Infinity":153,"s:783:8:783:Infinity":154,"s:785:8:785:Infinity":155,"b:786:8:788:Infinity:undefined:undefined:undefined:undefined":73,"s:786:8:788:Infinity":156,"s:787:10:787:Infinity":157,"s:789:8:789:Infinity":158,"s:793:4:793:Infinity":159,"f:802:9:802:31":21,"b:803:4:805:Infinity:undefined:undefined:undefined:undefined":74,"s:803:4:805:Infinity":160,"s:804:6:804:Infinity":161,"s:809:20:809:Infinity":162,"s:811:4:815:Infinity":163,"f:811:22:811:23":22,"s:812:17:812:Infinity":164,"b:812:43:812:71:812:71:812:Infinity":75,"s:813:6:813:Infinity":165,"s:814:6:814:Infinity":166,"s:817:4:817:Infinity":167,"f:826:9:826:29":23,"b:827:4:829:Infinity:undefined:undefined:undefined:undefined":76,"s:827:4:829:Infinity":168,"s:828:6:828:Infinity":169,"s:831:20:831:Infinity":170,"s:833:4:839:Infinity":171,"f:833:20:833:21":24,"s:834:6:834:Infinity":172,"b:835:6:837:Infinity:undefined:undefined:undefined:undefined":77,"s:835:6:837:Infinity":173,"s:836:8:836:Infinity":174,"s:838:6:838:Infinity":175,"s:841:4:841:Infinity":176}}}
,"/Users/gustavo/Desktop/zona-app/zona-gol/components/ui/button.tsx": {"path":"/Users/gustavo/Desktop/zona-app/zona-gol/components/ui/button.tsx","statementMap":{"0":{"start":{"line":7,"column":6},"end":{"line":36,"column":null}},"1":{"start":{"line":48,"column":15},"end":{"line":48,"column":null}},"2":{"start":{"line":50,"column":2},"end":{"line":55,"column":null}}},"fnMap":{"0":{"name":"Button","decl":{"start":{"line":38,"column":9},"end":{"line":38,"column":16}},"loc":{"start":{"line":47,"column":5},"end":{"line":57,"column":null}},"line":47}},"branchMap":{"0":{"loc":{"start":{"line":42,"column":2},"end":{"line":42,"column":null}},"type":"default-arg","locations":[{"start":{"line":42,"column":12},"end":{"line":42,"column":null}}],"line":42},"1":{"loc":{"start":{"line":48,"column":15},"end":{"line":48,"column":null}},"type":"cond-expr","locations":[{"start":{"line":48,"column":25},"end":{"line":48,"column":32}},{"start":{"line":48,"column":32},"end":{"line":48,"column":null}}],"line":48}},"s":{"0":1,"1":22,"2":22},"f":{"0":22},"b":{"0":[22],"1":[1,21]},"meta":{"lastBranch":2,"lastFunction":1,"lastStatement":3,"seen":{"s:7:6:36:Infinity":0,"f:38:9:38:16":0,"b:42:12:42:Infinity":0,"s:48:15:48:Infinity":1,"b:48:25:48:32:48:32:48:Infinity":1,"s:50:2:55:Infinity":2}}}
,"/Users/gustavo/Desktop/zona-app/zona-gol/hooks/use-mobile.ts": {"path":"/Users/gustavo/Desktop/zona-app/zona-gol/hooks/use-mobile.ts","statementMap":{"0":{"start":{"line":3,"column":26},"end":{"line":3,"column":null}},"1":{"start":{"line":6,"column":34},"end":{"line":6,"column":null}},"2":{"start":{"line":8,"column":2},"end":{"line":16,"column":null}},"3":{"start":{"line":9,"column":16},"end":{"line":9,"column":null}},"4":{"start":{"line":10,"column":21},"end":{"line":12,"column":null}},"5":{"start":{"line":11,"column":6},"end":{"line":11,"column":null}},"6":{"start":{"line":13,"column":4},"end":{"line":13,"column":null}},"7":{"start":{"line":14,"column":4},"end":{"line":14,"column":null}},"8":{"start":{"line":15,"column":4},"end":{"line":15,"column":null}},"9":{"start":{"line":15,"column":17},"end":{"line":15,"column":null}},"10":{"start":{"line":18,"column":2},"end":{"line":18,"column":null}}},"fnMap":{"0":{"name":"useIsMobile","decl":{"start":{"line":5,"column":16},"end":{"line":5,"column":30}},"loc":{"start":{"line":5,"column":30},"end":{"line":19,"column":null}},"line":5},"1":{"name":"(anonymous_1)","decl":{"start":{"line":8,"column":18},"end":{"line":8,"column":24}},"loc":{"start":{"line":8,"column":24},"end":{"line":16,"column":5}},"line":8},"2":{"name":"(anonymous_2)","decl":{"start":{"line":10,"column":21},"end":{"line":10,"column":27}},"loc":{"start":{"line":10,"column":27},"end":{"line":12,"column":null}},"line":10},"3":{"name":"(anonymous_3)","decl":{"start":{"line":15,"column":11},"end":{"line":15,"column":17}},"loc":{"start":{"line":15,"column":17},"end":{"line":15,"column":null}},"line":15}},"branchMap":{},"s":{"0":1,"1":14,"2":14,"3":6,"4":6,"5":1,"6":6,"7":6,"8":6,"9":6,"10":14},"f":{"0":14,"1":6,"2":1,"3":6},"b":{},"meta":{"lastBranch":0,"lastFunction":4,"lastStatement":11,"seen":{"s:3:26:3:Infinity":0,"f:5:16:5:30":0,"s:6:34:6:Infinity":1,"s:8:2:16:Infinity":2,"f:8:18:8:24":1,"s:9:16:9:Infinity":3,"s:10:21:12:Infinity":4,"f:10:21:10:27":2,"s:11:6:11:Infinity":5,"s:13:4:13:Infinity":6,"s:14:4:14:Infinity":7,"s:15:4:15:Infinity":8,"f:15:11:15:17":3,"s:15:17:15:Infinity":9,"s:18:2:18:Infinity":10}}}
,"/Users/gustavo/Desktop/zona-app/zona-gol/lib/utils.ts": {"path":"/Users/gustavo/Desktop/zona-app/zona-gol/lib/utils.ts","statementMap":{"0":{"start":{"line":5,"column":2},"end":{"line":5,"column":null}},"1":{"start":{"line":9,"column":18},"end":{"line":9,"column":null}},"2":{"start":{"line":10,"column":17},"end":{"line":10,"column":null}},"3":{"start":{"line":11,"column":2},"end":{"line":13,"column":null}},"4":{"start":{"line":11,"column":15},"end":{"line":11,"column":18}},"5":{"start":{"line":12,"column":4},"end":{"line":12,"column":null}},"6":{"start":{"line":14,"column":2},"end":{"line":14,"column":null}}},"fnMap":{"0":{"name":"cn","decl":{"start":{"line":4,"column":16},"end":{"line":4,"column":22}},"loc":{"start":{"line":4,"column":44},"end":{"line":6,"column":null}},"line":4},"1":{"name":"generatePassword","decl":{"start":{"line":8,"column":16},"end":{"line":8,"column":33}},"loc":{"start":{"line":8,"column":53},"end":{"line":15,"column":null}},"line":8}},"branchMap":{"0":{"loc":{"start":{"line":8,"column":33},"end":{"line":8,"column":53}},"type":"default-arg","locations":[{"start":{"line":8,"column":42},"end":{"line":8,"column":53}}],"line":8}},"s":{"0":30,"1":104,"2":104,"3":104,"4":104,"5":1336,"6":104},"f":{"0":30,"1":104},"b":{"0":[104]},"meta":{"lastBranch":1,"lastFunction":2,"lastStatement":7,"seen":{"f:4:16:4:22":0,"s:5:2:5:Infinity":0,"f:8:16:8:33":1,"b:8:42:8:53":0,"s:9:18:9:Infinity":1,"s:10:17:10:Infinity":2,"s:11:2:13:Infinity":3,"s:11:15:11:18":4,"s:12:4:12:Infinity":5,"s:14:2:14:Infinity":6}}}
,"/Users/gustavo/Desktop/zona-app/zona-gol/lib/utils/qr-text-normalizer.ts": {"path":"/Users/gustavo/Desktop/zona-app/zona-gol/lib/utils/qr-text-normalizer.ts","statementMap":{"0":{"start":{"line":11,"column":2},"end":{"line":11,"column":null}},"1":{"start":{"line":11,"column":13},"end":{"line":11,"column":null}},"2":{"start":{"line":14,"column":47},"end":{"line":23,"column":null}},"3":{"start":{"line":25,"column":19},"end":{"line":25,"column":null}},"4":{"start":{"line":28,"column":2},"end":{"line":30,"column":null}},"5":{"start":{"line":29,"column":4},"end":{"line":29,"column":null}},"6":{"start":{"line":32,"column":2},"end":{"line":32,"column":null}},"7":{"start":{"line":43,"column":21},"end":{"line":43,"column":null}},"8":{"start":{"line":45,"column":2},"end":{"line":49,"column":null}},"9":{"start":{"line":46,"column":4},"end":{"line":48,"column":null}},"10":{"start":{"line":47,"column":6},"end":{"line":47,"column":null}},"11":{"start":{"line":51,"column":2},"end":{"line":51,"column":null}},"12":{"start":{"line":58,"column":27},"end":{"line":58,"column":null}},"13":{"start":{"line":59,"column":2},"end":{"line":59,"column":null}},"14":{"start":{"line":66,"column":32},"end":{"line":66,"column":null}},"15":{"start":{"line":67,"column":18},"end":{"line":67,"column":null}},"16":{"start":{"line":68,"column":2},"end":{"line":68,"column":null}}},"fnMap":{"0":{"name":"normalizeForQR","decl":{"start":{"line":10,"column":16},"end":{"line":10,"column":31}},"loc":{"start":{"line":10,"column":53},"end":{"line":33,"column":null}},"line":10},"1":{"name":"normalizeQRData","decl":{"start":{"line":39,"column":16},"end":{"line":39,"column":null}},"loc":{"start":{"line":42,"column":5},"end":{"line":52,"column":null}},"line":42},"2":{"name":"hasProblematicChars","decl":{"start":{"line":57,"column":16},"end":{"line":57,"column":36}},"loc":{"start":{"line":57,"column":59},"end":{"line":60,"column":null}},"line":57},"3":{"name":"getProblematicChars","decl":{"start":{"line":65,"column":16},"end":{"line":65,"column":36}},"loc":{"start":{"line":65,"column":60},"end":{"line":69,"column":null}},"line":65}},"branchMap":{"0":{"loc":{"start":{"line":11,"column":2},"end":{"line":11,"column":null}},"type":"if","locations":[{"start":{"line":11,"column":2},"end":{"line":11,"column":null}},{"start":{},"end":{}}],"line":11},"1":{"loc":{"start":{"line":41,"column":2},"end":{"line":41,"column":null}},"type":"default-arg","locations":[{"start":{"line":41,"column":35},"end":{"line":41,"column":null}}],"line":41},"2":{"loc":{"start":{"line":46,"column":4},"end":{"line":48,"column":null}},"type":"if","locations":[{"start":{"line":46,"column":4},"end":{"line":48,"column":null}},{"start":{},"end":{}}],"line":46},"3":{"loc":{"start":{"line":68,"column":9},"end":{"line":68,"column":null}},"type":"cond-expr","locations":[{"start":{"line":68,"column":19},"end":{"line":68,"column":50}},{"start":{"line":68,"column":50},"end":{"line":68,"column":null}}],"line":68}},"s":{"0":31,"1":3,"2":28,"3":28,"4":28,"5":1316,"6":28,"7":4,"8":4,"9":9,"10":6,"11":4,"12":12,"13":12,"14":4,"15":4,"16":4},"f":{"0":31,"1":4,"2":12,"3":4},"b":{"0":[3,28],"1":[4],"2":[6,3],"3":[3,1]},"meta":{"lastBranch":4,"lastFunction":4,"lastStatement":17,"seen":{"f:10:16:10:31":0,"b:11:2:11:Infinity:undefined:undefined:undefined:undefined":0,"s:11:2:11:Infinity":0,"s:11:13:11:Infinity":1,"s:14:47:23:Infinity":2,"s:25:19:25:Infinity":3,"s:28:2:30:Infinity":4,"s:29:4:29:Infinity":5,"s:32:2:32:Infinity":6,"f:39:16:39:Infinity":1,"b:41:35:41:Infinity":1,"s:43:21:43:Infinity":7,"s:45:2:49:Infinity":8,"b:46:4:48:Infinity:undefined:undefined:undefined:undefined":2,"s:46:4:48:Infinity":9,"s:47:6:47:Infinity":10,"s:51:2:51:Infinity":11,"f:57:16:57:36":2,"s:58:27:58:Infinity":12,"s:59:2:59:Infinity":13,"f:65:16:65:36":3,"s:66:32:66:Infinity":14,"s:67:18:67:Infinity":15,"s:68:2:68:Infinity":16,"b:68:19:68:50:68:50:68:Infinity":3}}}
}
